{"level":["info"],"timestamp":"12:10:2023|09:10:65","exception":false,"message":"MongoDB connected"}
{"level":["info"],"timestamp":"12:10:2023|09:10:20","exception":false,"message":"MongoDB connected"}
{"level":["info"],"timestamp":"12:10:2023|09:10:76","exception":false,"message":"MongoDB connected"}
{"level":["info"],"timestamp":"12:10:2023|09:10:42","exception":false,"message":"MongoDB connected"}
{"level":["info"],"timestamp":"12:10:2023|09:10:11","exception":false,"message":"MongoDB connected"}
{"level":["info"],"timestamp":"12:10:2023|09:10:72","exception":false,"message":"MongoDB connected"}
{"level":["info"],"timestamp":"12:10:2023|09:10:46","exception":false,"message":"MongoDB connected"}
{"level":["info"],"timestamp":"12:10:2023|09:10:82","exception":false,"message":"MongoDB connected"}
{"level":["error"],"timestamp":"12:10:2023|09:10:85","exception":false,"message":"Cast to ObjectId failed for value \":websiteId\" (type string) at path \"_id\" for model \"websites\""}
{"level":["error"],"timestamp":"12:10:2023|09:10:85","exception":false,"message":"GET_WEBSITE_DATA"}
{"level":["error"],"timestamp":"12:10:2023|10:10:99","exception":false,"message":"Cast to ObjectId failed for value \"undefined\" (type string) at path \"_id\" for model \"websites\""}
{"level":["error"],"timestamp":"12:10:2023|10:10:99","exception":false,"message":"CREATE_PAGE"}
{"level":["info"],"timestamp":"12:10:2023|10:10:71","exception":false,"message":"MongoDB connected"}
{"level":["info"],"timestamp":"12:10:2023|10:10:41","exception":false,"message":"MongoDB connected"}
{"level":["error"],"timestamp":"12:10:2023|10:10:24","exception":false,"message":"Cast to ObjectId failed for value \"\"\"\" (type string) at path \"_id\" for model \"websites\""}
{"level":["error"],"timestamp":"12:10:2023|10:10:24","exception":false,"message":"GET_WEBSITE_DATA"}
{"level":["error"],"timestamp":"12:10:2023|10:10:100","exception":false,"message":"Cast to ObjectId failed for value \":websiteId\" (type string) at path \"_id\" for model \"websites\""}
{"level":["error"],"timestamp":"12:10:2023|10:10:100","exception":false,"message":"GET_WEBSITE_DATA"}
{"level":["info"],"timestamp":"12:10:2023|10:10:80","exception":false,"message":"MongoDB connected"}
{"level":["error"],"timestamp":"12:10:2023|10:10:91","exception":false,"message":"Cast to ObjectId failed for value \":websiteId\" (type string) at path \"_id\" for model \"websites\""}
{"level":["error"],"timestamp":"12:10:2023|10:10:91","exception":false,"message":"GET_WEBSITE_DATA"}
{"level":["error"],"timestamp":"12:10:2023|10:10:38","exception":false,"message":"Cast to ObjectId failed for value \":websiteId\" (type string) at path \"_id\" for model \"websites\""}
{"level":["error"],"timestamp":"12:10:2023|10:10:38","exception":false,"message":"GET_WEBSITE_DATA"}
{"level":["info"],"timestamp":"12:10:2023|10:10:92","exception":false,"message":"MongoDB connected"}
{"level":["info"],"timestamp":"12:10:2023|10:10:47","exception":false,"message":"MongoDB connected"}
{"level":["info"],"timestamp":"12:10:2023|10:10:43","exception":false,"message":"MongoDB connected"}
{"level":["info"],"timestamp":"12:10:2023|10:10:17","exception":false,"message":"MongoDB connected"}
{"level":["info"],"timestamp":"12:10:2023|10:10:74","exception":false,"message":"MongoDB connected"}
{"level":["info"],"timestamp":"12:10:2023|10:10:17","exception":false,"message":"MongoDB connected"}
{"level":["info"],"timestamp":"12:10:2023|10:10:38","exception":false,"message":"MongoDB connected"}
{"level":["error"],"timestamp":"12:10:2023|10:10:30","exception":true,"message":"uncaughtException: param is not defined"}
{"level":["info"],"timestamp":"12:10:2023|10:10:32","exception":false,"message":"MongoDB connected"}
{"level":["error"],"timestamp":"12:10:2023|10:10:45","exception":true,"message":"uncaughtException: param is not defined"}
{"level":["info"],"timestamp":"12:10:2023|10:10:47","exception":false,"message":"MongoDB connected"}
{"level":["error"],"timestamp":"12:10:2023|10:10:75","exception":true,"message":"uncaughtException: param is not defined"}
{"level":["info"],"timestamp":"12:10:2023|10:10:78","exception":false,"message":"MongoDB connected"}
{"level":["info"],"timestamp":"12:10:2023|10:10:15","exception":false,"message":"MongoDB connected"}
{"level":["info"],"timestamp":"12:10:2023|10:10:79","exception":false,"message":"MongoDB connected"}
{"level":["info"],"timestamp":"12:10:2023|10:10:08","exception":false,"message":"MongoDB connected"}
{"level":["info"],"timestamp":"12:10:2023|10:10:03","exception":false,"message":"MongoDB connected"}
{"level":["info"],"timestamp":"12:10:2023|10:10:08","exception":false,"message":"MongoDB connected"}
{"level":["info"],"timestamp":"12:10:2023|10:10:93","exception":false,"message":"MongoDB connected"}
{"level":["info"],"timestamp":"12:10:2023|10:10:27","exception":false,"message":"MongoDB connected"}
{"level":["error"],"timestamp":"12:10:2023|10:10:77","exception":false,"message":"Cast to ObjectId failed for value \":websiteId\" (type string) at path \"_id\" for model \"websites\""}
{"level":["error"],"timestamp":"12:10:2023|10:10:77","exception":false,"message":"CREATE_PAGE"}
{"level":["info"],"timestamp":"12:10:2023|10:10:90","exception":false,"message":"MongoDB connected"}
{"level":["info"],"timestamp":"12:10:2023|10:10:93","exception":false,"message":"MongoDB connected"}
{"level":["info"],"timestamp":"12:10:2023|10:10:14","exception":false,"message":"MongoDB connected"}
{"level":["info"],"timestamp":"12:10:2023|10:10:33","exception":false,"message":"MongoDB connected"}
{"level":["info"],"timestamp":"12:10:2023|10:10:83","exception":false,"message":"MongoDB connected"}
{"level":["info"],"timestamp":"12:10:2023|10:10:23","exception":false,"message":"MongoDB connected"}
{"level":["info"],"timestamp":"12:10:2023|10:10:20","exception":false,"message":"MongoDB connected"}
{"level":["info"],"timestamp":"12:10:2023|10:10:88","exception":false,"message":"MongoDB connected"}
{"level":["info"],"timestamp":"12:10:2023|10:10:20","exception":false,"message":"MongoDB connected"}
{"level":["info"],"timestamp":"12:10:2023|10:10:83","exception":false,"message":"MongoDB connected"}
{"level":["error"],"timestamp":"12:10:2023|10:10:46","exception":false,"message":"Cast to ObjectId failed for value \":websiteId\" (type string) at path \"_id\" for model \"websites\""}
{"level":["error"],"timestamp":"12:10:2023|10:10:46","exception":false,"message":"CREATE_PAGE"}
{"level":["info"],"timestamp":"12:10:2023|10:10:73","exception":false,"message":"MongoDB connected"}
{"level":["info"],"timestamp":"12:10:2023|10:10:37","exception":false,"message":"MongoDB connected"}
{"level":["info"],"timestamp":"12:10:2023|10:10:75","exception":false,"message":"MongoDB connected"}
{"level":["info"],"timestamp":"12:10:2023|10:10:38","exception":false,"message":"MongoDB connected"}
{"level":["info"],"timestamp":"12:10:2023|10:10:55","exception":false,"message":"MongoDB connected"}
{"level":["info"],"timestamp":"12:10:2023|10:10:56","exception":false,"message":"MongoDB connected"}
{"level":["info"],"timestamp":"12:10:2023|10:10:86","exception":false,"message":"MongoDB connected"}
{"level":["info"],"timestamp":"12:10:2023|10:10:36","exception":false,"message":"MongoDB connected"}
{"level":["info"],"timestamp":"12:10:2023|10:10:82","exception":false,"message":"MongoDB connected"}
{"level":["info"],"timestamp":"12:10:2023|10:10:47","exception":false,"message":"MongoDB connected"}
{"level":["info"],"timestamp":"12:10:2023|11:10:48","exception":false,"message":"MongoDB connected"}
{"level":["info"],"timestamp":"12:10:2023|11:10:82","exception":false,"message":"MongoDB connected"}
{"level":["info"],"timestamp":"12:10:2023|11:10:21","exception":false,"message":"MongoDB connected"}
{"level":["error"],"timestamp":"12:10:2023|11:10:26","exception":false,"message":"Cast to ObjectId failed for value \":websiteId\" (type string) at path \"_id\" for model \"websites\""}
{"level":["error"],"timestamp":"12:10:2023|11:10:27","exception":false,"message":"CREATE_PAGE"}
{"level":["info"],"timestamp":"12:10:2023|11:10:42","exception":false,"message":"MongoDB connected"}
{"level":["error"],"timestamp":"12:10:2023|11:10:94","exception":false,"message":"Cast to ObjectId failed for value \":websiteId\" (type string) at path \"_id\" for model \"websites\""}
{"level":["error"],"timestamp":"12:10:2023|11:10:94","exception":false,"message":"CREATE_PAGE"}
{"level":["info"],"timestamp":"12:10:2023|11:10:81","exception":false,"message":"MongoDB connected"}
{"level":["info"],"timestamp":"12:10:2023|11:10:14","exception":false,"message":"MongoDB connected"}
{"level":["info"],"timestamp":"12:10:2023|11:10:45","exception":false,"message":"MongoDB connected"}
{"level":["error"],"timestamp":"12:10:2023|11:10:20","exception":false,"message":"Cast to ObjectId failed for value \":websit\" (type string) at path \"_id\" for model \"websites\""}
{"level":["error"],"timestamp":"12:10:2023|11:10:20","exception":false,"message":"CREATE_PAGE"}
{"level":["error"],"timestamp":"12:10:2023|11:10:24","exception":false,"message":"Cast to ObjectId failed for value \":websit\" (type string) at path \"_id\" for model \"websites\""}
{"level":["error"],"timestamp":"12:10:2023|11:10:24","exception":false,"message":"CREATE_PAGE"}
{"level":["info"],"timestamp":"12:10:2023|11:10:61","exception":false,"message":"MongoDB connected"}
{"level":["error"],"timestamp":"12:10:2023|11:10:30","exception":false,"message":"Cast to ObjectId failed for value \":websit\" (type string) at path \"_id\" for model \"websites\""}
{"level":["error"],"timestamp":"12:10:2023|11:10:30","exception":false,"message":"CREATE_PAGE"}
{"level":["error"],"timestamp":"12:10:2023|11:10:95","exception":false,"message":"Cast to ObjectId failed for value \":websit\" (type string) at path \"_id\" for model \"websites\""}
{"level":["error"],"timestamp":"12:10:2023|11:10:95","exception":false,"message":"CREATE_PAGE"}
{"level":["info"],"timestamp":"12:10:2023|11:10:80","exception":false,"message":"MongoDB connected"}
{"level":["info"],"timestamp":"12:10:2023|11:10:05","exception":false,"message":"MongoDB connected"}
{"level":["info"],"timestamp":"12:10:2023|11:10:37","exception":false,"message":"MongoDB connected"}
{"level":["error"],"timestamp":"12:10:2023|11:10:45","exception":false,"message":"Cast to ObjectId failed for value \":websit\" (type string) at path \"_id\" for model \"websites\""}
{"level":["error"],"timestamp":"12:10:2023|11:10:45","exception":false,"message":"CREATE_PAGE"}
{"level":["warn"],"timestamp":"12:10:2023|11:10:46","exception":false,"message":"MongoDB Disconnecting"}
{"level":["info"],"timestamp":"12:10:2023|11:10:38","exception":false,"message":"MongoDB connected"}
{"level":["error"],"timestamp":"12:10:2023|11:10:12","exception":false,"message":"Cast to ObjectId failed for value \":websit\" (type string) at path \"_id\" for model \"websites\""}
{"level":["error"],"timestamp":"12:10:2023|11:10:12","exception":false,"message":"CREATE_PAGE"}
{"level":["info"],"timestamp":"12:10:2023|11:10:92","exception":false,"message":"MongoDB connected"}
{"level":["error"],"timestamp":"12:10:2023|11:10:46","exception":false,"message":"Cast to ObjectId failed for value \":websit\" (type string) at path \"_id\" for model \"websites\""}
{"level":["error"],"timestamp":"12:10:2023|11:10:46","exception":false,"message":"CREATE_PAGE"}
{"level":["info"],"timestamp":"12:10:2023|11:10:01","exception":false,"message":"MongoDB connected"}
{"level":["info"],"timestamp":"12:10:2023|11:10:58","exception":false,"message":"MongoDB connected"}
{"level":["info"],"timestamp":"12:10:2023|11:10:37","exception":false,"message":"MongoDB connected"}
{"level":["info"],"timestamp":"12:10:2023|11:10:51","exception":false,"message":"MongoDB connected"}
{"level":["error"],"timestamp":"12:10:2023|11:10:25","exception":false,"message":"Cast to ObjectId failed for value \":websit\" (type string) at path \"_id\" for model \"websites\""}
{"level":["error"],"timestamp":"12:10:2023|11:10:25","exception":false,"message":"CREATE_PAGE"}
{"level":["info"],"timestamp":"12:10:2023|11:10:19","exception":false,"message":"MongoDB connected"}
{"level":["info"],"timestamp":"12:10:2023|11:10:40","exception":false,"message":"MongoDB connected"}
{"level":["info"],"timestamp":"12:10:2023|11:10:93","exception":false,"message":"MongoDB connected"}
{"level":["error"],"timestamp":"12:10:2023|11:10:17","exception":false,"message":"Cast to ObjectId failed for value \":websiteId\" (type string) at path \"_id\" for model \"websites\""}
{"level":["error"],"timestamp":"12:10:2023|11:10:17","exception":false,"message":"CREATE_PAGE"}
{"level":["info"],"timestamp":"12:10:2023|11:10:75","exception":false,"message":"MongoDB connected"}
{"level":["info"],"timestamp":"12:10:2023|11:10:25","exception":false,"message":"MongoDB connected"}
{"level":["info"],"timestamp":"12:10:2023|11:10:12","exception":false,"message":"MongoDB connected"}
{"level":["info"],"timestamp":"12:10:2023|11:10:90","exception":false,"message":"MongoDB connected"}
{"level":["info"],"timestamp":"12:10:2023|11:10:98","exception":false,"message":"MongoDB connected"}
{"level":["info"],"timestamp":"12:10:2023|11:10:54","exception":false,"message":"MongoDB connected"}
{"level":["info"],"timestamp":"12:10:2023|11:10:26","exception":false,"message":"MongoDB connected"}
{"level":["info"],"timestamp":"12:10:2023|11:10:88","exception":false,"message":"MongoDB connected"}
{"level":["info"],"timestamp":"12:10:2023|11:10:44","exception":false,"message":"MongoDB connected"}
{"level":["info"],"timestamp":"12:10:2023|11:10:39","exception":false,"message":"MongoDB connected"}
{"level":["info"],"timestamp":"12:10:2023|11:10:39","exception":false,"message":"MongoDB connected"}
{"level":["info"],"timestamp":"12:10:2023|11:10:22","exception":false,"message":"MongoDB connected"}
{"level":["info"],"timestamp":"12:10:2023|11:10:42","exception":false,"message":"MongoDB connected"}
{"level":["info"],"timestamp":"12:10:2023|11:10:26","exception":false,"message":"MongoDB connected"}
{"level":["info"],"timestamp":"12:10:2023|11:10:100","exception":false,"message":"MongoDB connected"}
{"level":["info"],"timestamp":"12:10:2023|12:10:86","exception":false,"message":"MongoDB connected"}
{"level":["error"],"timestamp":"12:10:2023|12:10:56","exception":true,"message":"uncaughtException: Cannot access 'app' before initialization"}
{"level":["info"],"timestamp":"12:10:2023|12:10:74","exception":false,"message":"MongoDB connected"}
{"level":["info"],"timestamp":"12:10:2023|13:10:81","exception":false,"message":"MongoDB connected"}
{"level":["info"],"timestamp":"12:10:2023|13:10:72","exception":false,"message":"MongoDB connected"}
{"level":["info"],"timestamp":"12:10:2023|13:10:57","exception":false,"message":"MongoDB connected"}
{"level":["info"],"timestamp":"12:10:2023|13:10:58","exception":false,"message":"MongoDB connected"}
{"level":["info"],"timestamp":"12:10:2023|13:10:44","exception":false,"message":"MongoDB connected"}
{"level":["info"],"timestamp":"12:10:2023|13:10:71","exception":false,"message":"MongoDB connected"}
{"level":["info"],"timestamp":"12:10:2023|13:10:07","exception":false,"message":"MongoDB connected"}
{"level":["info"],"timestamp":"12:10:2023|14:10:16","exception":false,"message":"MongoDB connected"}
{"level":["info"],"timestamp":"12:10:2023|14:10:28","exception":false,"message":"MongoDB connected"}
{"level":["info"],"timestamp":"12:10:2023|14:10:09","exception":false,"message":"MongoDB connected"}
{"level":["info"],"timestamp":"12:10:2023|14:10:79","exception":false,"message":"MongoDB connected"}
{"level":["info"],"timestamp":"12:10:2023|14:10:63","exception":false,"message":"MongoDB connected"}
{"level":["info"],"timestamp":"12:10:2023|14:10:16","exception":false,"message":"MongoDB connected"}
{"level":["info"],"timestamp":"12:10:2023|14:10:20","exception":false,"message":"MongoDB connected"}
{"level":["info"],"timestamp":"12:10:2023|14:10:31","exception":false,"message":"MongoDB connected"}
{"level":["info"],"timestamp":"12:10:2023|14:10:97","exception":false,"message":"MongoDB connected"}
{"level":["info"],"timestamp":"12:10:2023|14:10:18","exception":false,"message":"MongoDB connected"}
{"level":["info"],"timestamp":"12:10:2023|14:10:57","exception":false,"message":"MongoDB connected"}
{"level":["info"],"timestamp":"12:10:2023|14:10:66","exception":false,"message":"MongoDB connected"}
{"level":["info"],"timestamp":"12:10:2023|14:10:31","exception":false,"message":"MongoDB connected"}
{"level":["info"],"timestamp":"12:10:2023|14:10:56","exception":false,"message":"MongoDB connected"}
{"level":["error"],"timestamp":"12:10:2023|14:10:36","exception":false,"message":"Cannot read properties of null (reading 'pages')"}
{"level":["error"],"timestamp":"12:10:2023|14:10:36","exception":false,"message":"GET_WEBSITE_DATA"}
{"level":["info"],"timestamp":"12:10:2023|15:10:99","exception":false,"message":"::ffff:192.168.29.62 - - [12/Oct/2023:09:47:46 +0000] \"POST /page/update/undefined HTTP/1.1\" 404 - \"http://localhost:5173/\" \"Mozilla/5.0 (Linux; Android 6.0; Nexus 5 Build/MRA58N) AppleWebKit/537.36 (KHTML, like Gecko) Chrome/117.0.0.0 Mobile Safari/537.36\"\n"}
{"level":["info"],"timestamp":"12:10:2023|15:10:85","exception":false,"message":"::ffff:192.168.29.62 - - [12/Oct/2023:09:48:47 +0000] \"POST /page/update/652690d1177faeefa2ca39f4 HTTP/1.1\" 404 - \"http://localhost:5173/\" \"Mozilla/5.0 (Linux; Android 6.0; Nexus 5 Build/MRA58N) AppleWebKit/537.36 (KHTML, like Gecko) Chrome/117.0.0.0 Mobile Safari/537.36\"\n"}
{"level":["info"],"timestamp":"12:10:2023|15:10:65","exception":false,"message":"::ffff:192.168.29.62 - - [12/Oct/2023:09:50:43 +0000] \"POST /page/update/6527c16b794805c4f2516461 HTTP/1.1\" 404 - \"http://localhost:5173/\" \"Mozilla/5.0 (Linux; Android 6.0; Nexus 5 Build/MRA58N) AppleWebKit/537.36 (KHTML, like Gecko) Chrome/117.0.0.0 Mobile Safari/537.36\"\n"}
{"level":["info"],"timestamp":"12:10:2023|15:10:26","exception":false,"message":"::ffff:192.168.29.62 - - [12/Oct/2023:09:51:26 +0000] \"POST /page/update/6527c16b794805c4f2516461 HTTP/1.1\" 404 - \"http://localhost:5173/\" \"Mozilla/5.0 (Linux; Android 6.0; Nexus 5 Build/MRA58N) AppleWebKit/537.36 (KHTML, like Gecko) Chrome/117.0.0.0 Mobile Safari/537.36\"\n"}
{"level":["info"],"timestamp":"12:10:2023|15:10:56","exception":false,"message":"MongoDB connected"}
{"level":["info"],"timestamp":"12:10:2023|15:10:08","exception":false,"message":"MongoDB connected"}
{"level":["info"],"timestamp":"12:10:2023|15:10:62","exception":false,"message":"::ffff:192.168.29.62 - - [12/Oct/2023:09:58:14 +0000] \"POST /page/update/6527c16b794805c4f2516461 HTTP/1.1\" 404 - \"http://localhost:5173/\" \"Mozilla/5.0 (Linux; Android 6.0; Nexus 5 Build/MRA58N) AppleWebKit/537.36 (KHTML, like Gecko) Chrome/117.0.0.0 Mobile Safari/537.36\"\n"}
{"level":["info"],"timestamp":"12:10:2023|15:10:02","exception":false,"message":"MongoDB connected"}
{"level":["info"],"timestamp":"12:10:2023|15:10:27","exception":false,"message":"MongoDB connected"}
{"level":["error"],"timestamp":"12:10:2023|15:10:20","exception":false,"message":"Cannot read properties of null (reading 'pages')"}
{"level":["error"],"timestamp":"12:10:2023|15:10:20","exception":false,"message":"GET_WEBSITE_DATA"}
{"level":["error"],"timestamp":"12:10:2023|15:10:60","exception":false,"message":"Cannot read properties of null (reading 'pages')"}
{"level":["error"],"timestamp":"12:10:2023|15:10:60","exception":false,"message":"GET_WEBSITE_DATA"}
{"level":["info"],"timestamp":"12:10:2023|15:10:89","exception":false,"message":"MongoDB connected"}
{"level":["info"],"timestamp":"12:10:2023|15:10:02","exception":false,"message":"MongoDB connected"}
{"level":["warn"],"timestamp":"12:10:2023|15:10:46","exception":false,"message":"MongoDB Disconnecting"}
{"level":["info"],"timestamp":"12:10:2023|16:10:56","exception":false,"message":"MongoDB connected"}
{"level":["info"],"timestamp":"12:10:2023|16:10:41","exception":false,"message":"MongoDB connected"}
{"level":["error"],"timestamp":"12:10:2023|16:10:73","exception":false,"message":"language is not defined"}
{"level":["error"],"timestamp":"12:10:2023|16:10:73","exception":false,"message":"UPDATE_KEY_DATA"}
{"level":["info"],"timestamp":"12:10:2023|16:10:82","exception":false,"message":"MongoDB connected"}
{"level":["info"],"timestamp":"12:10:2023|16:10:11","exception":false,"message":"MongoDB connected"}
{"level":["error"],"timestamp":"12:10:2023|16:10:75","exception":false,"message":"Cannot read properties of undefined (reading '0')"}
{"level":["error"],"timestamp":"12:10:2023|16:10:75","exception":false,"message":"UPDATE_KEY_DATA"}
{"level":["info"],"timestamp":"12:10:2023|16:10:13","exception":false,"message":"MongoDB connected"}
{"level":["error"],"timestamp":"12:10:2023|16:10:42","exception":false,"message":"Cannot read properties of undefined (reading '0')"}
{"level":["error"],"timestamp":"12:10:2023|16:10:42","exception":false,"message":"UPDATE_KEY_DATA"}
{"level":["info"],"timestamp":"12:10:2023|16:10:32","exception":false,"message":"MongoDB connected"}
{"level":["error"],"timestamp":"12:10:2023|16:10:07","exception":false,"message":"Cannot read properties of undefined (reading '0')"}
{"level":["error"],"timestamp":"12:10:2023|16:10:07","exception":false,"message":"UPDATE_KEY_DATA"}
{"level":["info"],"timestamp":"12:10:2023|16:10:25","exception":false,"message":"MongoDB connected"}
{"level":["error"],"timestamp":"12:10:2023|16:10:53","exception":false,"message":"Cannot read properties of undefined (reading '0')"}
{"level":["error"],"timestamp":"12:10:2023|16:10:53","exception":false,"message":"UPDATE_KEY_DATA"}
{"level":["info"],"timestamp":"12:10:2023|16:10:30","exception":false,"message":"MongoDB connected"}
{"level":["error"],"timestamp":"12:10:2023|16:10:72","exception":false,"message":"keyData.save is not a function"}
{"level":["error"],"timestamp":"12:10:2023|16:10:72","exception":false,"message":"UPDATE_KEY_DATA"}
{"level":["info"],"timestamp":"12:10:2023|16:10:13","exception":false,"message":"MongoDB connected"}
{"level":["error"],"timestamp":"12:10:2023|16:10:80","exception":false,"message":"Cannot read properties of undefined (reading '0')"}
{"level":["error"],"timestamp":"12:10:2023|16:10:80","exception":false,"message":"UPDATE_KEY_DATA"}
{"level":["info"],"timestamp":"12:10:2023|16:10:95","exception":false,"message":"MongoDB connected"}
{"level":["error"],"timestamp":"12:10:2023|16:10:92","exception":false,"message":"keyData.save is not a function"}
{"level":["error"],"timestamp":"12:10:2023|16:10:92","exception":false,"message":"UPDATE_KEY_DATA"}
{"level":["info"],"timestamp":"12:10:2023|16:10:37","exception":false,"message":"MongoDB connected"}
{"level":["error"],"timestamp":"12:10:2023|16:10:85","exception":false,"message":"keyData.save is not a function"}
{"level":["error"],"timestamp":"12:10:2023|16:10:85","exception":false,"message":"UPDATE_KEY_DATA"}
{"level":["info"],"timestamp":"12:10:2023|16:10:05","exception":false,"message":"MongoDB connected"}
{"level":["info"],"timestamp":"12:10:2023|16:10:65","exception":false,"message":"MongoDB connected"}
{"level":["error"],"timestamp":"12:10:2023|16:10:02","exception":false,"message":"value is not defined"}
{"level":["error"],"timestamp":"12:10:2023|16:10:02","exception":false,"message":"UPDATE_KEY_DATA"}
{"level":["info"],"timestamp":"12:10:2023|16:10:70","exception":false,"message":"MongoDB connected"}
{"level":["info"],"timestamp":"12:10:2023|16:10:58","exception":false,"message":"MongoDB connected"}
{"level":["info"],"timestamp":"12:10:2023|16:10:00","exception":false,"message":"MongoDB connected"}
{"level":["info"],"timestamp":"12:10:2023|16:10:73","exception":false,"message":"MongoDB connected"}
{"level":["info"],"timestamp":"12:10:2023|16:10:30","exception":false,"message":"MongoDB connected"}
{"level":["info"],"timestamp":"12:10:2023|16:10:80","exception":false,"message":"MongoDB connected"}
{"level":["info"],"timestamp":"12:10:2023|16:10:70","exception":false,"message":"MongoDB connected"}
{"level":["info"],"timestamp":"12:10:2023|16:10:46","exception":false,"message":"MongoDB connected"}
{"level":["info"],"timestamp":"12:10:2023|16:10:17","exception":false,"message":"MongoDB connected"}
{"level":["info"],"timestamp":"12:10:2023|16:10:77","exception":false,"message":"MongoDB connected"}
{"level":["info"],"timestamp":"12:10:2023|16:10:55","exception":false,"message":"MongoDB connected"}
{"level":["info"],"timestamp":"12:10:2023|16:10:77","exception":false,"message":"MongoDB connected"}
{"level":["info"],"timestamp":"12:10:2023|16:10:11","exception":false,"message":"MongoDB connected"}
{"level":["info"],"timestamp":"12:10:2023|16:10:44","exception":false,"message":"MongoDB connected"}
{"level":["info"],"timestamp":"12:10:2023|17:10:51","exception":false,"message":"MongoDB connected"}
{"level":["info"],"timestamp":"12:10:2023|17:10:71","exception":false,"message":"MongoDB connected"}
{"level":["error"],"timestamp":"12:10:2023|17:10:99","exception":false,"message":"Cannot read properties of null (reading 'pages')"}
{"level":["error"],"timestamp":"12:10:2023|17:10:99","exception":false,"message":"GET_WEBSITE_DATA"}
{"level":["info"],"timestamp":"12:10:2023|17:10:21","exception":false,"message":"MongoDB connected"}
{"level":["error"],"timestamp":"12:10:2023|17:10:80","exception":false,"message":"Cannot read properties of null (reading 'pages')"}
{"level":["error"],"timestamp":"12:10:2023|17:10:80","exception":false,"message":"GET_WEBSITE_DATA"}
{"level":["info"],"timestamp":"12:10:2023|17:10:09","exception":false,"message":"MongoDB connected"}
{"level":["error"],"timestamp":"12:10:2023|17:10:66","exception":false,"message":"Cannot read properties of null (reading 'pages')"}
{"level":["error"],"timestamp":"12:10:2023|17:10:66","exception":false,"message":"GET_WEBSITE_DATA"}
{"level":["info"],"timestamp":"12:10:2023|17:10:86","exception":false,"message":"MongoDB connected"}
{"level":["error"],"timestamp":"12:10:2023|17:10:50","exception":false,"message":"Cannot read properties of null (reading 'pages')"}
{"level":["error"],"timestamp":"12:10:2023|17:10:51","exception":false,"message":"GET_WEBSITE_DATA"}
{"level":["info"],"timestamp":"12:10:2023|17:10:03","exception":false,"message":"MongoDB connected"}
{"level":["error"],"timestamp":"12:10:2023|17:10:86","exception":false,"message":"Cannot read properties of null (reading 'pages')"}
{"level":["error"],"timestamp":"12:10:2023|17:10:86","exception":false,"message":"GET_WEBSITE_DATA"}
{"level":["error"],"timestamp":"12:10:2023|17:10:95","exception":false,"message":"Cannot read properties of null (reading 'pages')"}
{"level":["error"],"timestamp":"12:10:2023|17:10:95","exception":false,"message":"GET_WEBSITE_DATA"}
{"level":["info"],"timestamp":"12:10:2023|17:10:55","exception":false,"message":"MongoDB connected"}
{"level":["error"],"timestamp":"12:10:2023|17:10:53","exception":false,"message":"Cannot read properties of null (reading 'pages')"}
{"level":["error"],"timestamp":"12:10:2023|17:10:53","exception":false,"message":"GET_WEBSITE_DATA"}
{"level":["info"],"timestamp":"12:10:2023|17:10:98","exception":false,"message":"MongoDB connected"}
{"level":["error"],"timestamp":"12:10:2023|17:10:66","exception":false,"message":"Cannot read properties of null (reading 'pages')"}
{"level":["error"],"timestamp":"12:10:2023|17:10:66","exception":false,"message":"GET_WEBSITE_DATA"}
{"level":["error"],"timestamp":"12:10:2023|17:10:12","exception":false,"message":"Cannot read properties of null (reading 'pages')"}
{"level":["error"],"timestamp":"12:10:2023|17:10:12","exception":false,"message":"GET_WEBSITE_DATA"}
{"level":["info"],"timestamp":"12:10:2023|17:10:54","exception":false,"message":"MongoDB connected"}
{"level":["error"],"timestamp":"12:10:2023|17:10:62","exception":false,"message":"Cannot read properties of null (reading 'pages')"}
{"level":["error"],"timestamp":"12:10:2023|17:10:62","exception":false,"message":"GET_WEBSITE_DATA"}
{"level":["error"],"timestamp":"12:10:2023|17:10:33","exception":false,"message":"Cannot read properties of null (reading 'pages')"}
{"level":["error"],"timestamp":"12:10:2023|17:10:33","exception":false,"message":"GET_WEBSITE_DATA"}
{"level":["info"],"timestamp":"12:10:2023|17:10:67","exception":false,"message":"MongoDB connected"}
{"level":["info"],"timestamp":"12:10:2023|17:10:01","exception":false,"message":"MongoDB connected"}
{"level":["error"],"timestamp":"12:10:2023|17:10:02","exception":false,"message":"Cannot read properties of null (reading 'pages')"}
{"level":["error"],"timestamp":"12:10:2023|17:10:02","exception":false,"message":"GET_WEBSITE_DATA"}
{"level":["info"],"timestamp":"12:10:2023|17:10:97","exception":false,"message":"MongoDB connected"}
{"level":["info"],"timestamp":"12:10:2023|17:10:05","exception":false,"message":"MongoDB connected"}
{"level":["info"],"timestamp":"12:10:2023|17:10:31","exception":false,"message":"MongoDB connected"}
{"level":["info"],"timestamp":"12:10:2023|17:10:16","exception":false,"message":"MongoDB connected"}
{"level":["info"],"timestamp":"12:10:2023|17:10:90","exception":false,"message":"MongoDB connected"}
{"level":["info"],"timestamp":"12:10:2023|17:10:31","exception":false,"message":"MongoDB connected"}
{"level":["info"],"timestamp":"12:10:2023|17:10:72","exception":false,"message":"MongoDB connected"}
{"level":["info"],"timestamp":"12:10:2023|17:10:86","exception":false,"message":"MongoDB connected"}
{"level":["info"],"timestamp":"12:10:2023|17:10:22","exception":false,"message":"MongoDB connected"}
{"level":["info"],"timestamp":"12:10:2023|17:10:09","exception":false,"message":"MongoDB connected"}
{"level":["info"],"timestamp":"12:10:2023|17:10:73","exception":false,"message":"MongoDB connected"}
{"level":["info"],"timestamp":"12:10:2023|17:10:67","exception":false,"message":"MongoDB connected"}
{"level":["info"],"timestamp":"12:10:2023|17:10:08","exception":false,"message":"MongoDB connected"}
{"level":["info"],"timestamp":"12:10:2023|17:10:69","exception":false,"message":"MongoDB connected"}
{"level":["info"],"timestamp":"12:10:2023|17:10:69","exception":false,"message":"MongoDB connected"}
{"level":["error"],"timestamp":"12:10:2023|17:10:25","exception":false,"message":"Cannot read properties of undefined (reading '0')"}
{"level":["error"],"timestamp":"12:10:2023|17:10:25","exception":false,"message":"UPDATE_KEY_DATA"}
{"level":["info"],"timestamp":"12:10:2023|17:10:96","exception":false,"message":"MongoDB connected"}
{"level":["error"],"timestamp":"12:10:2023|17:10:71","exception":false,"message":"Cannot read properties of undefined (reading '0')"}
{"level":["error"],"timestamp":"12:10:2023|17:10:71","exception":false,"message":"UPDATE_KEY_DATA"}
{"level":["info"],"timestamp":"12:10:2023|17:10:94","exception":false,"message":"MongoDB connected"}
{"level":["error"],"timestamp":"12:10:2023|17:10:08","exception":false,"message":"Cannot read properties of undefined (reading '0')"}
{"level":["error"],"timestamp":"12:10:2023|17:10:08","exception":false,"message":"UPDATE_KEY_DATA"}
{"level":["info"],"timestamp":"12:10:2023|17:10:96","exception":false,"message":"MongoDB connected"}
{"level":["info"],"timestamp":"12:10:2023|17:10:39","exception":false,"message":"MongoDB connected"}
{"level":["error"],"timestamp":"12:10:2023|17:10:84","exception":false,"message":"Cannot read properties of undefined (reading '0')"}
{"level":["error"],"timestamp":"12:10:2023|17:10:84","exception":false,"message":"UPDATE_KEY_DATA"}
{"level":["info"],"timestamp":"12:10:2023|17:10:15","exception":false,"message":"MongoDB connected"}
{"level":["info"],"timestamp":"12:10:2023|17:10:07","exception":false,"message":"MongoDB connected"}
{"level":["warn"],"timestamp":"12:10:2023|17:10:13","exception":false,"message":"MongoDB Disconnected"}
{"level":["warn"],"timestamp":"12:10:2023|17:10:36","exception":false,"message":"MongoDB Connection Closed Successfully!"}
