{"level":["info"],"timestamp":"17:10:2023|10:10:60","exception":false,"message":"MongoDB connected"}
{"level":["error"],"timestamp":"17:10:2023|10:10:29","exception":false,"message":"TOKEN_VERIFY"}
{"level":["info"],"timestamp":"17:10:2023|10:10:04","exception":false,"message":"MongoDB connected"}
{"level":["info"],"timestamp":"17:10:2023|10:10:56","exception":false,"message":"MongoDB connected"}
{"level":["info"],"timestamp":"17:10:2023|10:10:09","exception":false,"message":"MongoDB connected"}
{"level":["info"],"timestamp":"17:10:2023|10:10:13","exception":false,"message":"MongoDB connected"}
{"level":["info"],"timestamp":"17:10:2023|10:10:05","exception":false,"message":"MongoDB connected"}
{"level":["info"],"timestamp":"17:10:2023|10:10:92","exception":false,"message":"MongoDB connected"}
{"level":["info"],"timestamp":"17:10:2023|10:10:08","exception":false,"message":"MongoDB connected"}
{"level":["info"],"timestamp":"17:10:2023|10:10:05","exception":false,"message":"MongoDB connected"}
{"level":["info"],"timestamp":"17:10:2023|10:10:39","exception":false,"message":"MongoDB connected"}
{"level":["info"],"timestamp":"17:10:2023|10:10:76","exception":false,"message":"MongoDB connected"}
{"level":["info"],"timestamp":"17:10:2023|10:10:33","exception":false,"message":"MongoDB connected"}
{"level":["info"],"timestamp":"17:10:2023|10:10:44","exception":false,"message":"MongoDB connected"}
{"level":["info"],"timestamp":"17:10:2023|10:10:76","exception":false,"message":"MongoDB connected"}
{"level":["info"],"timestamp":"17:10:2023|10:10:02","exception":false,"message":"MongoDB connected"}
{"level":["info"],"timestamp":"17:10:2023|10:10:73","exception":false,"message":"MongoDB connected"}
{"level":["info"],"timestamp":"17:10:2023|10:10:45","exception":false,"message":"MongoDB connected"}
{"level":["info"],"timestamp":"17:10:2023|10:10:83","exception":false,"message":"MongoDB connected"}
{"level":["info"],"timestamp":"17:10:2023|10:10:53","exception":false,"message":"MongoDB connected"}
{"level":["info"],"timestamp":"17:10:2023|10:10:73","exception":false,"message":"MongoDB connected"}
{"level":["info"],"timestamp":"17:10:2023|10:10:86","exception":false,"message":"MongoDB connected"}
{"level":["info"],"timestamp":"17:10:2023|11:10:04","exception":false,"message":"MongoDB connected"}
{"level":["info"],"timestamp":"17:10:2023|11:10:28","exception":false,"message":"MongoDB connected"}
{"level":["info"],"timestamp":"17:10:2023|11:10:11","exception":false,"message":"MongoDB connected"}
{"level":["info"],"timestamp":"17:10:2023|11:10:71","exception":false,"message":"MongoDB connected"}
{"level":["info"],"timestamp":"17:10:2023|11:10:69","exception":false,"message":"::1 - - [17/Oct/2023:05:59:40 +0000] \"POST /language/add/6527d253a753560067e1f26e HTTP/1.1\" 404 - \"-\" \"PostmanRuntime/7.33.0\"\n"}
{"level":["info"],"timestamp":"17:10:2023|11:10:89","exception":false,"message":"MongoDB connected"}
{"level":["info"],"timestamp":"17:10:2023|11:10:34","exception":false,"message":"MongoDB connected"}
{"level":["info"],"timestamp":"17:10:2023|11:10:43","exception":false,"message":"MongoDB connected"}
{"level":["info"],"timestamp":"17:10:2023|11:10:68","exception":false,"message":"MongoDB connected"}
{"level":["info"],"timestamp":"17:10:2023|11:10:90","exception":false,"message":"MongoDB connected"}
{"level":["info"],"timestamp":"17:10:2023|11:10:72","exception":false,"message":"MongoDB connected"}
{"level":["info"],"timestamp":"17:10:2023|11:10:99","exception":false,"message":"MongoDB connected"}
{"level":["info"],"timestamp":"17:10:2023|11:10:37","exception":false,"message":"MongoDB connected"}
{"level":["info"],"timestamp":"17:10:2023|11:10:83","exception":false,"message":"MongoDB connected"}
{"level":["info"],"timestamp":"17:10:2023|11:10:90","exception":false,"message":"MongoDB connected"}
{"level":["info"],"timestamp":"17:10:2023|11:10:96","exception":false,"message":"MongoDB connected"}
{"level":["info"],"timestamp":"17:10:2023|11:10:56","exception":false,"message":"MongoDB connected"}
{"level":["info"],"timestamp":"17:10:2023|11:10:81","exception":false,"message":"MongoDB connected"}
{"level":["info"],"timestamp":"17:10:2023|11:10:87","exception":false,"message":"::ffff:192.168.29.139 - - [17/Oct/2023:06:12:07 +0000] \"POST /page/create/undefined HTTP/1.1\" 404 - \"http://127.0.0.1:5173/\" \"Mozilla/5.0 (Windows NT 10.0; Win64; x64) AppleWebKit/537.36 (KHTML, like Gecko) Chrome/117.0.0.0 Safari/537.36\"\n"}
{"level":["info"],"timestamp":"17:10:2023|11:10:87","exception":false,"message":"::ffff:192.168.29.139 - - [17/Oct/2023:06:12:07 +0000] \"POST /page/create/undefined HTTP/1.1\" 404 - \"http://127.0.0.1:5173/\" \"Mozilla/5.0 (Windows NT 10.0; Win64; x64) AppleWebKit/537.36 (KHTML, like Gecko) Chrome/117.0.0.0 Safari/537.36\"\n"}
{"level":["info"],"timestamp":"17:10:2023|11:10:26","exception":false,"message":"::ffff:192.168.29.139 - - [17/Oct/2023:06:12:18 +0000] \"POST /page/create/undefined HTTP/1.1\" 404 - \"http://127.0.0.1:5173/\" \"Mozilla/5.0 (Windows NT 10.0; Win64; x64) AppleWebKit/537.36 (KHTML, like Gecko) Chrome/117.0.0.0 Safari/537.36\"\n"}
{"level":["info"],"timestamp":"17:10:2023|11:10:27","exception":false,"message":"::ffff:192.168.29.139 - - [17/Oct/2023:06:12:18 +0000] \"POST /page/create/undefined HTTP/1.1\" 404 - \"http://127.0.0.1:5173/\" \"Mozilla/5.0 (Windows NT 10.0; Win64; x64) AppleWebKit/537.36 (KHTML, like Gecko) Chrome/117.0.0.0 Safari/537.36\"\n"}
{"level":["info"],"timestamp":"17:10:2023|11:10:50","exception":false,"message":"MongoDB connected"}
{"level":["info"],"timestamp":"17:10:2023|11:10:33","exception":false,"message":"MongoDB connected"}
{"level":["info"],"timestamp":"17:10:2023|11:10:81","exception":false,"message":"MongoDB connected"}
{"level":["info"],"timestamp":"17:10:2023|11:10:73","exception":false,"message":"MongoDB connected"}
{"level":["info"],"timestamp":"17:10:2023|11:10:55","exception":false,"message":"MongoDB connected"}
{"level":["info"],"timestamp":"17:10:2023|11:10:57","exception":false,"message":"MongoDB connected"}
{"level":["info"],"timestamp":"17:10:2023|11:10:96","exception":false,"message":"MongoDB connected"}
{"level":["info"],"timestamp":"17:10:2023|11:10:85","exception":false,"message":"MongoDB connected"}
{"level":["info"],"timestamp":"17:10:2023|12:10:62","exception":false,"message":"MongoDB connected"}
{"level":["info"],"timestamp":"17:10:2023|12:10:81","exception":false,"message":"MongoDB connected"}
{"level":["info"],"timestamp":"17:10:2023|12:10:46","exception":false,"message":"MongoDB connected"}
{"level":["info"],"timestamp":"17:10:2023|12:10:59","exception":false,"message":"MongoDB connected"}
{"level":["info"],"timestamp":"17:10:2023|12:10:39","exception":false,"message":"MongoDB connected"}
{"level":["info"],"timestamp":"17:10:2023|12:10:36","exception":false,"message":"MongoDB connected"}
{"level":["info"],"timestamp":"17:10:2023|12:10:59","exception":false,"message":"MongoDB connected"}
{"level":["info"],"timestamp":"17:10:2023|12:10:21","exception":false,"message":"MongoDB connected"}
{"level":["info"],"timestamp":"17:10:2023|12:10:94","exception":false,"message":"MongoDB connected"}
{"level":["info"],"timestamp":"17:10:2023|12:10:17","exception":false,"message":"MongoDB connected"}
{"level":["info"],"timestamp":"17:10:2023|12:10:67","exception":false,"message":"MongoDB connected"}
{"level":["info"],"timestamp":"17:10:2023|12:10:02","exception":false,"message":"MongoDB connected"}
{"level":["info"],"timestamp":"17:10:2023|12:10:08","exception":false,"message":"MongoDB connected"}
{"level":["error"],"timestamp":"17:10:2023|13:10:56","exception":false,"message":"TOKEN_VERIFY"}
{"level":["error"],"timestamp":"17:10:2023|13:10:58","exception":false,"message":"TOKEN_VERIFY"}
{"level":["info"],"timestamp":"17:10:2023|13:10:70","exception":false,"message":"MongoDB connected"}
{"level":["error"],"timestamp":"17:10:2023|13:10:01","exception":false,"message":"TOKEN_VERIFY"}
{"level":["error"],"timestamp":"17:10:2023|13:10:02","exception":false,"message":"TOKEN_VERIFY"}
{"level":["error"],"timestamp":"17:10:2023|13:10:18","exception":false,"message":"TOKEN_VERIFY"}
{"level":["error"],"timestamp":"17:10:2023|13:10:19","exception":false,"message":"TOKEN_VERIFY"}
{"level":["info"],"timestamp":"17:10:2023|13:10:79","exception":false,"message":"MongoDB connected"}
{"level":["info"],"timestamp":"17:10:2023|13:10:81","exception":false,"message":"MongoDB connected"}
{"level":["error"],"timestamp":"17:10:2023|13:10:28","exception":false,"message":"TOKEN_VERIFY"}
{"level":["error"],"timestamp":"17:10:2023|13:10:28","exception":false,"message":"TOKEN_VERIFY"}
{"level":["error"],"timestamp":"17:10:2023|13:10:55","exception":false,"message":"Cannot read properties of null (reading 'keys')"}
{"level":["error"],"timestamp":"17:10:2023|13:10:55","exception":false,"message":"DELETE_PAGE_DATA"}
{"level":["info"],"timestamp":"17:10:2023|13:10:44","exception":false,"message":"MongoDB connected"}
{"level":["error"],"timestamp":"17:10:2023|13:10:83","exception":false,"message":"Cannot read properties of null (reading '_id')"}
{"level":["error"],"timestamp":"17:10:2023|13:10:83","exception":false,"message":"DELETE_PAGE_DATA"}
{"level":["error"],"timestamp":"17:10:2023|13:10:20","exception":false,"message":"TOKEN_VERIFY"}
{"level":["error"],"timestamp":"17:10:2023|13:10:21","exception":false,"message":"TOKEN_VERIFY"}
{"level":["info"],"timestamp":"17:10:2023|13:10:76","exception":false,"message":"MongoDB connected"}
{"level":["error"],"timestamp":"17:10:2023|13:10:11","exception":false,"message":"Cannot read properties of null (reading 'delete')"}
{"level":["error"],"timestamp":"17:10:2023|13:10:11","exception":false,"message":"DELETE_PAGE_DATA"}
{"level":["info"],"timestamp":"17:10:2023|13:10:50","exception":false,"message":"MongoDB connected"}
{"level":["info"],"timestamp":"17:10:2023|13:10:92","exception":false,"message":"MongoDB connected"}
{"level":["info"],"timestamp":"17:10:2023|13:10:85","exception":false,"message":"MongoDB connected"}
{"level":["info"],"timestamp":"17:10:2023|13:10:73","exception":false,"message":"MongoDB connected"}
{"level":["info"],"timestamp":"17:10:2023|14:10:05","exception":false,"message":"MongoDB connected"}
{"level":["info"],"timestamp":"17:10:2023|14:10:10","exception":false,"message":"MongoDB connected"}
{"level":["info"],"timestamp":"17:10:2023|14:10:34","exception":false,"message":"MongoDB connected"}
{"level":["info"],"timestamp":"17:10:2023|14:10:70","exception":false,"message":"MongoDB connected"}
{"level":["info"],"timestamp":"17:10:2023|14:10:64","exception":false,"message":"MongoDB connected"}
{"level":["info"],"timestamp":"17:10:2023|14:10:85","exception":false,"message":"MongoDB connected"}
{"level":["info"],"timestamp":"17:10:2023|14:10:67","exception":false,"message":"MongoDB connected"}
{"level":["info"],"timestamp":"17:10:2023|14:10:93","exception":false,"message":"MongoDB connected"}
{"level":["info"],"timestamp":"17:10:2023|14:10:34","exception":false,"message":"MongoDB connected"}
{"level":["info"],"timestamp":"17:10:2023|14:10:14","exception":false,"message":"MongoDB connected"}
{"level":["info"],"timestamp":"17:10:2023|14:10:40","exception":false,"message":"MongoDB connected"}
{"level":["info"],"timestamp":"17:10:2023|14:10:03","exception":false,"message":"MongoDB connected"}
{"level":["info"],"timestamp":"17:10:2023|14:10:27","exception":false,"message":"MongoDB connected"}
{"level":["info"],"timestamp":"17:10:2023|14:10:07","exception":false,"message":"MongoDB connected"}
{"level":["info"],"timestamp":"17:10:2023|14:10:96","exception":false,"message":"MongoDB connected"}
{"level":["info"],"timestamp":"17:10:2023|15:10:14","exception":false,"message":"MongoDB connected"}
{"level":["info"],"timestamp":"17:10:2023|15:10:65","exception":false,"message":"MongoDB connected"}
{"level":["info"],"timestamp":"17:10:2023|15:10:21","exception":false,"message":"MongoDB connected"}
{"level":["error"],"timestamp":"17:10:2023|15:10:11","exception":false,"message":"TOKEN_VERIFY"}
{"level":["error"],"timestamp":"17:10:2023|15:10:70","exception":false,"message":"TOKEN_VERIFY"}
{"level":["info"],"timestamp":"17:10:2023|15:10:97","exception":false,"message":"MongoDB connected"}
{"level":["error"],"timestamp":"17:10:2023|15:10:33","exception":false,"message":"TOKEN_VERIFY"}
{"level":["info"],"timestamp":"17:10:2023|15:10:63","exception":false,"message":"MongoDB connected"}
{"level":["error"],"timestamp":"17:10:2023|15:10:31","exception":false,"message":"TOKEN_VERIFY"}
{"level":["info"],"timestamp":"17:10:2023|15:10:11","exception":false,"message":"MongoDB connected"}
{"level":["info"],"timestamp":"17:10:2023|15:10:59","exception":false,"message":"MongoDB connected"}
{"level":["error"],"timestamp":"17:10:2023|15:10:06","exception":false,"message":"TOKEN_VERIFY"}
{"level":["info"],"timestamp":"17:10:2023|15:10:58","exception":false,"message":"MongoDB connected"}
{"level":["info"],"timestamp":"17:10:2023|15:10:76","exception":false,"message":"MongoDB connected"}
{"level":["info"],"timestamp":"17:10:2023|15:10:37","exception":false,"message":"MongoDB connected"}
{"level":["info"],"timestamp":"17:10:2023|15:10:20","exception":false,"message":"MongoDB connected"}
{"level":["info"],"timestamp":"17:10:2023|15:10:63","exception":false,"message":"MongoDB connected"}
{"level":["info"],"timestamp":"17:10:2023|15:10:12","exception":false,"message":"MongoDB connected"}
{"level":["info"],"timestamp":"17:10:2023|15:10:64","exception":false,"message":"MongoDB connected"}
{"level":["info"],"timestamp":"17:10:2023|15:10:67","exception":false,"message":"MongoDB connected"}
{"level":["info"],"timestamp":"17:10:2023|15:10:29","exception":false,"message":"MongoDB connected"}
{"level":["error"],"timestamp":"17:10:2023|15:10:56","exception":false,"message":"TOKEN_VERIFY"}
{"level":["error"],"timestamp":"17:10:2023|15:10:24","exception":false,"message":"TOKEN_VERIFY"}
{"level":["info"],"timestamp":"17:10:2023|15:10:60","exception":false,"message":"MongoDB connected"}
{"level":["info"],"timestamp":"17:10:2023|16:10:65","exception":false,"message":"MongoDB connected"}
{"level":["info"],"timestamp":"17:10:2023|16:10:78","exception":false,"message":"MongoDB connected"}
{"level":["info"],"timestamp":"17:10:2023|16:10:38","exception":false,"message":"MongoDB connected"}
{"level":["info"],"timestamp":"17:10:2023|16:10:86","exception":false,"message":"MongoDB connected"}
{"level":["info"],"timestamp":"17:10:2023|16:10:02","exception":false,"message":"MongoDB connected"}
{"level":["info"],"timestamp":"17:10:2023|16:10:53","exception":false,"message":"MongoDB connected"}
{"level":["info"],"timestamp":"17:10:2023|16:10:20","exception":false,"message":"MongoDB connected"}
{"level":["info"],"timestamp":"17:10:2023|16:10:75","exception":false,"message":"MongoDB connected"}
{"level":["info"],"timestamp":"17:10:2023|16:10:66","exception":false,"message":"MongoDB connected"}
{"level":["info"],"timestamp":"17:10:2023|16:10:04","exception":false,"message":"MongoDB connected"}
{"level":["info"],"timestamp":"17:10:2023|16:10:83","exception":false,"message":"MongoDB connected"}
{"level":["info"],"timestamp":"17:10:2023|16:10:37","exception":false,"message":"MongoDB connected"}
{"level":["info"],"timestamp":"17:10:2023|16:10:27","exception":false,"message":"MongoDB connected"}
{"level":["info"],"timestamp":"17:10:2023|16:10:41","exception":false,"message":"MongoDB connected"}
{"level":["info"],"timestamp":"17:10:2023|16:10:41","exception":false,"message":"MongoDB connected"}
{"level":["info"],"timestamp":"17:10:2023|16:10:19","exception":false,"message":"MongoDB connected"}
{"level":["info"],"timestamp":"17:10:2023|16:10:54","exception":false,"message":"MongoDB connected"}
{"level":["info"],"timestamp":"17:10:2023|16:10:59","exception":false,"message":"MongoDB connected"}
{"level":["info"],"timestamp":"17:10:2023|16:10:76","exception":false,"message":"MongoDB connected"}
{"level":["error"],"timestamp":"17:10:2023|16:10:34","exception":false,"message":"Cannot read properties of undefined (reading 'keys')"}
{"level":["error"],"timestamp":"17:10:2023|16:10:35","exception":false,"message":"CREATE_WEBSITE"}
{"level":["info"],"timestamp":"17:10:2023|16:10:48","exception":false,"message":"MongoDB connected"}
{"level":["error"],"timestamp":"17:10:2023|16:10:55","exception":false,"message":"Cannot read properties of undefined (reading 'keys')"}
{"level":["error"],"timestamp":"17:10:2023|16:10:55","exception":false,"message":"CREATE_WEBSITE"}
{"level":["info"],"timestamp":"17:10:2023|16:10:71","exception":false,"message":"MongoDB connected"}
{"level":["info"],"timestamp":"17:10:2023|16:10:50","exception":false,"message":"MongoDB connected"}
{"level":["error"],"timestamp":"17:10:2023|16:10:89","exception":false,"message":"Cannot read properties of undefined (reading 'keys')"}
{"level":["error"],"timestamp":"17:10:2023|16:10:89","exception":false,"message":"CREATE_WEBSITE"}
{"level":["info"],"timestamp":"17:10:2023|16:10:31","exception":false,"message":"MongoDB connected"}
{"level":["error"],"timestamp":"17:10:2023|16:10:79","exception":false,"message":"Cannot read properties of undefined (reading 'keys')"}
{"level":["error"],"timestamp":"17:10:2023|16:10:79","exception":false,"message":"CREATE_WEBSITE"}
{"level":["info"],"timestamp":"17:10:2023|16:10:46","exception":false,"message":"MongoDB connected"}
{"level":["info"],"timestamp":"17:10:2023|16:10:86","exception":false,"message":"MongoDB connected"}
{"level":["info"],"timestamp":"17:10:2023|16:10:76","exception":false,"message":"MongoDB connected"}
{"level":["error"],"timestamp":"17:10:2023|16:10:95","exception":false,"message":"Cannot read properties of undefined (reading 'toLowerCase')"}
{"level":["error"],"timestamp":"17:10:2023|16:10:95","exception":false,"message":"CREATE_WEBSITE"}
{"level":["info"],"timestamp":"17:10:2023|16:10:66","exception":false,"message":"MongoDB connected"}
{"level":["info"],"timestamp":"17:10:2023|16:10:05","exception":false,"message":"MongoDB connected"}
{"level":["info"],"timestamp":"17:10:2023|16:10:66","exception":false,"message":"MongoDB connected"}
{"level":["info"],"timestamp":"17:10:2023|16:10:60","exception":false,"message":"MongoDB connected"}
{"level":["info"],"timestamp":"17:10:2023|16:10:14","exception":false,"message":"MongoDB connected"}
{"level":["info"],"timestamp":"17:10:2023|16:10:49","exception":false,"message":"MongoDB connected"}
{"level":["info"],"timestamp":"17:10:2023|16:10:11","exception":false,"message":"MongoDB connected"}
{"level":["info"],"timestamp":"17:10:2023|16:10:48","exception":false,"message":"MongoDB connected"}
{"level":["info"],"timestamp":"17:10:2023|16:10:94","exception":false,"message":"MongoDB connected"}
{"level":["info"],"timestamp":"17:10:2023|16:10:28","exception":false,"message":"MongoDB connected"}
{"level":["info"],"timestamp":"17:10:2023|16:10:34","exception":false,"message":"MongoDB connected"}
{"level":["info"],"timestamp":"17:10:2023|17:10:82","exception":false,"message":"MongoDB connected"}
{"level":["info"],"timestamp":"17:10:2023|17:10:47","exception":false,"message":"MongoDB connected"}
{"level":["info"],"timestamp":"17:10:2023|17:10:58","exception":false,"message":"MongoDB connected"}
{"level":["info"],"timestamp":"17:10:2023|17:10:47","exception":false,"message":"MongoDB connected"}
{"level":["info"],"timestamp":"17:10:2023|17:10:05","exception":false,"message":"MongoDB connected"}
{"level":["info"],"timestamp":"17:10:2023|17:10:67","exception":false,"message":"MongoDB connected"}
{"level":["info"],"timestamp":"17:10:2023|17:10:88","exception":false,"message":"MongoDB connected"}
{"level":["info"],"timestamp":"17:10:2023|17:10:45","exception":false,"message":"MongoDB connected"}
{"level":["info"],"timestamp":"17:10:2023|17:10:77","exception":false,"message":"MongoDB connected"}
{"level":["info"],"timestamp":"17:10:2023|17:10:19","exception":false,"message":"MongoDB connected"}
{"level":["info"],"timestamp":"17:10:2023|17:10:06","exception":false,"message":"MongoDB connected"}
{"level":["info"],"timestamp":"17:10:2023|17:10:29","exception":false,"message":"::1 - - [17/Oct/2023:11:37:44 +0000] \"PUT /key/update/652e6b9da2874c9a37752436/652e6b5ba2874c9a37752426/652e6b8fa2874c9a3775242f HTTP/1.1\" 404 - \"-\" \"PostmanRuntime/7.33.0\"\n"}
{"level":["info"],"timestamp":"17:10:2023|17:10:13","exception":false,"message":"MongoDB connected"}
{"level":["info"],"timestamp":"17:10:2023|17:10:20","exception":false,"message":"MongoDB connected"}
{"level":["info"],"timestamp":"17:10:2023|17:10:93","exception":false,"message":"MongoDB connected"}
{"level":["info"],"timestamp":"17:10:2023|17:10:27","exception":false,"message":"MongoDB connected"}
{"level":["info"],"timestamp":"17:10:2023|17:10:66","exception":false,"message":"MongoDB connected"}
{"level":["info"],"timestamp":"17:10:2023|17:10:40","exception":false,"message":"MongoDB connected"}
{"level":["info"],"timestamp":"17:10:2023|17:10:72","exception":false,"message":"MongoDB connected"}
{"level":["info"],"timestamp":"17:10:2023|17:10:34","exception":false,"message":"MongoDB connected"}
{"level":["info"],"timestamp":"17:10:2023|17:10:47","exception":false,"message":"MongoDB connected"}
{"level":["info"],"timestamp":"17:10:2023|17:10:83","exception":false,"message":"MongoDB connected"}
{"level":["info"],"timestamp":"17:10:2023|17:10:79","exception":false,"message":"MongoDB connected"}
{"level":["info"],"timestamp":"17:10:2023|17:10:83","exception":false,"message":"MongoDB connected"}
{"level":["info"],"timestamp":"17:10:2023|17:10:21","exception":false,"message":"MongoDB connected"}
{"level":["info"],"timestamp":"17:10:2023|17:10:57","exception":false,"message":"MongoDB connected"}
{"level":["info"],"timestamp":"17:10:2023|17:10:04","exception":false,"message":"MongoDB connected"}
{"level":["info"],"timestamp":"17:10:2023|17:10:59","exception":false,"message":"MongoDB connected"}
{"level":["warn"],"timestamp":"17:10:2023|17:10:11","exception":false,"message":"MongoDB Disconnecting"}
