{"level":["info"],"timestamp":"05:10:2023|09:10:07","exception":false,"message":"MongoDB connected"}
{"level":["info"],"timestamp":"05:10:2023|09:10:15","exception":false,"message":"MongoDB connected"}
{"level":["info"],"timestamp":"05:10:2023|09:10:57","exception":false,"message":"::1 - - [05/Oct/2023:03:47:56 +0000] \"POST //website/create HTTP/1.1\" 404 - \"-\" \"PostmanRuntime/7.33.0\"\n"}
{"level":["info"],"timestamp":"05:10:2023|09:10:92","exception":false,"message":"::1 - - [05/Oct/2023:03:48:43 +0000] \"POST //website/create HTTP/1.1\" 404 - \"-\" \"PostmanRuntime/7.33.0\"\n"}
{"level":["info"],"timestamp":"05:10:2023|09:10:31","exception":false,"message":"MongoDB connected"}
{"level":["info"],"timestamp":"05:10:2023|09:10:06","exception":false,"message":"MongoDB connected"}
{"level":["info"],"timestamp":"05:10:2023|09:10:24","exception":false,"message":"MongoDB connected"}
{"level":["info"],"timestamp":"05:10:2023|09:10:58","exception":false,"message":"MongoDB connected"}
{"level":["info"],"timestamp":"05:10:2023|09:10:55","exception":false,"message":"MongoDB connected"}
{"level":["info"],"timestamp":"05:10:2023|09:10:09","exception":false,"message":"MongoDB connected"}
{"level":["info"],"timestamp":"05:10:2023|09:10:01","exception":false,"message":"MongoDB connected"}
{"level":["info"],"timestamp":"05:10:2023|09:10:56","exception":false,"message":"MongoDB connected"}
{"level":["info"],"timestamp":"05:10:2023|09:10:25","exception":false,"message":"MongoDB connected"}
{"level":["info"],"timestamp":"05:10:2023|09:10:15","exception":false,"message":"MongoDB connected"}
{"level":["info"],"timestamp":"05:10:2023|09:10:80","exception":false,"message":"MongoDB connected"}
{"level":["info"],"timestamp":"05:10:2023|09:10:44","exception":false,"message":"::1 - - [05/Oct/2023:04:06:57 +0000] \"GET /page/create HTTP/1.1\" 404 - \"-\" \"PostmanRuntime/7.33.0\"\n"}
{"level":["info"],"timestamp":"05:10:2023|09:10:79","exception":false,"message":"MongoDB connected"}
{"level":["error"],"timestamp":"05:10:2023|09:10:31","exception":true,"message":"uncaughtException: message is not defined"}
{"level":["info"],"timestamp":"05:10:2023|09:10:34","exception":false,"message":"MongoDB connected"}
{"level":["error"],"timestamp":"05:10:2023|09:10:17","exception":true,"message":"uncaughtException: message is not defined"}
{"level":["info"],"timestamp":"05:10:2023|09:10:20","exception":false,"message":"MongoDB connected"}
{"level":["error"],"timestamp":"05:10:2023|09:10:55","exception":true,"message":"uncaughtException: message is not defined"}
{"level":["info"],"timestamp":"05:10:2023|09:10:58","exception":false,"message":"MongoDB connected"}
{"level":["error"],"timestamp":"05:10:2023|09:10:71","exception":true,"message":"uncaughtException: name is not defined"}
{"level":["info"],"timestamp":"05:10:2023|09:10:74","exception":false,"message":"MongoDB connected"}
{"level":["info"],"timestamp":"05:10:2023|09:10:36","exception":false,"message":"MongoDB connected"}
{"level":["info"],"timestamp":"05:10:2023|09:10:21","exception":false,"message":"MongoDB connected"}
{"level":["info"],"timestamp":"05:10:2023|09:10:00","exception":false,"message":"MongoDB connected"}
{"level":["info"],"timestamp":"05:10:2023|09:10:04","exception":false,"message":"MongoDB connected"}
{"level":["info"],"timestamp":"05:10:2023|09:10:73","exception":false,"message":"MongoDB connected"}
{"level":["error"],"timestamp":"05:10:2023|09:10:09","exception":true,"message":"uncaughtException: check is not defined"}
{"level":["info"],"timestamp":"05:10:2023|09:10:11","exception":false,"message":"MongoDB connected"}
{"level":["error"],"timestamp":"05:10:2023|09:10:34","exception":true,"message":"uncaughtException: check is not defined"}
{"level":["info"],"timestamp":"05:10:2023|09:10:36","exception":false,"message":"MongoDB connected"}
{"level":["error"],"timestamp":"05:10:2023|09:10:45","exception":true,"message":"uncaughtException: check is not defined"}
{"level":["info"],"timestamp":"05:10:2023|09:10:47","exception":false,"message":"MongoDB connected"}
{"level":["error"],"timestamp":"05:10:2023|09:10:03","exception":true,"message":"uncaughtException: message is not defined"}
{"level":["info"],"timestamp":"05:10:2023|09:10:07","exception":false,"message":"MongoDB connected"}
{"level":["error"],"timestamp":"05:10:2023|09:10:87","exception":true,"message":"uncaughtException: message is not defined"}
{"level":["info"],"timestamp":"05:10:2023|09:10:89","exception":false,"message":"MongoDB connected"}
{"level":["info"],"timestamp":"05:10:2023|09:10:01","exception":false,"message":"MongoDB connected"}
{"level":["info"],"timestamp":"05:10:2023|09:10:54","exception":false,"message":"MongoDB connected"}
{"level":["info"],"timestamp":"05:10:2023|09:10:84","exception":false,"message":"MongoDB connected"}
{"level":["info"],"timestamp":"05:10:2023|09:10:76","exception":false,"message":"MongoDB connected"}
{"level":["info"],"timestamp":"05:10:2023|09:10:16","exception":false,"message":"MongoDB connected"}
{"level":["info"],"timestamp":"05:10:2023|09:10:01","exception":false,"message":"::1 - - [05/Oct/2023:04:23:07 +0000] \"POST /page/create HTTP/1.1\" 404 - \"-\" \"PostmanRuntime/7.33.0\"\n"}
{"level":["info"],"timestamp":"05:10:2023|09:10:56","exception":false,"message":"MongoDB connected"}
{"level":["info"],"timestamp":"05:10:2023|09:10:63","exception":false,"message":"MongoDB connected"}
{"level":["warn"],"timestamp":"05:10:2023|09:10:17","exception":false,"message":"MongoDB Disconnecting"}
{"level":["info"],"timestamp":"05:10:2023|09:10:38","exception":false,"message":"MongoDB connected"}
{"level":["info"],"timestamp":"05:10:2023|10:10:89","exception":false,"message":"MongoDB connected"}
{"level":["info"],"timestamp":"05:10:2023|10:10:42","exception":false,"message":"MongoDB connected"}
{"level":["info"],"timestamp":"05:10:2023|10:10:26","exception":false,"message":"MongoDB connected"}
{"level":["info"],"timestamp":"05:10:2023|10:10:90","exception":false,"message":"MongoDB connected"}
{"level":["info"],"timestamp":"05:10:2023|10:10:63","exception":false,"message":"MongoDB connected"}
{"level":["info"],"timestamp":"05:10:2023|10:10:12","exception":false,"message":"MongoDB connected"}
{"level":["info"],"timestamp":"05:10:2023|10:10:52","exception":false,"message":"MongoDB connected"}
{"level":["info"],"timestamp":"05:10:2023|10:10:94","exception":false,"message":"MongoDB connected"}
{"level":["info"],"timestamp":"05:10:2023|10:10:71","exception":false,"message":"MongoDB connected"}
{"level":["info"],"timestamp":"05:10:2023|10:10:44","exception":false,"message":"MongoDB connected"}
{"level":["info"],"timestamp":"05:10:2023|10:10:53","exception":false,"message":"MongoDB connected"}
{"level":["info"],"timestamp":"05:10:2023|10:10:73","exception":false,"message":"MongoDB connected"}
{"level":["info"],"timestamp":"05:10:2023|10:10:49","exception":false,"message":"MongoDB connected"}
{"level":["info"],"timestamp":"05:10:2023|10:10:21","exception":false,"message":"MongoDB connected"}
{"level":["info"],"timestamp":"05:10:2023|10:10:75","exception":false,"message":"MongoDB connected"}
{"level":["info"],"timestamp":"05:10:2023|10:10:65","exception":false,"message":"MongoDB connected"}
{"level":["info"],"timestamp":"05:10:2023|10:10:63","exception":false,"message":"MongoDB connected"}
{"level":["info"],"timestamp":"05:10:2023|10:10:03","exception":false,"message":"MongoDB connected"}
{"level":["info"],"timestamp":"05:10:2023|10:10:99","exception":false,"message":"MongoDB connected"}
{"level":["info"],"timestamp":"05:10:2023|10:10:69","exception":false,"message":"MongoDB connected"}
{"level":["info"],"timestamp":"05:10:2023|10:10:29","exception":false,"message":"MongoDB connected"}
{"level":["error"],"timestamp":"05:10:2023|11:10:33","exception":true,"message":"uncaughtException: Invalid schema configuration: `string` is not a valid type within the array `key`.See https://bit.ly/mongoose-schematypes for a list of valid schema types."}
{"level":["info"],"timestamp":"05:10:2023|11:10:35","exception":false,"message":"MongoDB connected"}
{"level":["error"],"timestamp":"05:10:2023|11:10:71","exception":true,"message":"uncaughtException: Invalid schema configuration: `string` is not a valid type within the array `key`.See https://bit.ly/mongoose-schematypes for a list of valid schema types."}
{"level":["info"],"timestamp":"05:10:2023|11:10:73","exception":false,"message":"MongoDB connected"}
{"level":["error"],"timestamp":"05:10:2023|11:10:28","exception":true,"message":"uncaughtException: Invalid schema configuration: `string` is not a valid type within the array `key`.See https://bit.ly/mongoose-schematypes for a list of valid schema types."}
{"level":["info"],"timestamp":"05:10:2023|11:10:29","exception":false,"message":"MongoDB connected"}
{"level":["error"],"timestamp":"05:10:2023|11:10:42","exception":true,"message":"uncaughtException: ObjectId is not defined"}
{"level":["info"],"timestamp":"05:10:2023|11:10:43","exception":false,"message":"MongoDB connected"}
{"level":["info"],"timestamp":"05:10:2023|11:10:03","exception":false,"message":"MongoDB connected"}
{"level":["error"],"timestamp":"05:10:2023|11:10:23","exception":true,"message":"uncaughtException: Invalid schema configuration: `string` is not a valid type within the array `key`.See https://bit.ly/mongoose-schematypes for a list of valid schema types."}
{"level":["info"],"timestamp":"05:10:2023|11:10:25","exception":false,"message":"MongoDB connected"}
{"level":["info"],"timestamp":"05:10:2023|11:10:63","exception":false,"message":"MongoDB connected"}
{"level":["info"],"timestamp":"05:10:2023|11:10:09","exception":false,"message":"MongoDB connected"}
{"level":["info"],"timestamp":"05:10:2023|11:10:95","exception":false,"message":"MongoDB connected"}
{"level":["info"],"timestamp":"05:10:2023|11:10:74","exception":false,"message":"MongoDB connected"}
{"level":["info"],"timestamp":"05:10:2023|11:10:54","exception":false,"message":"MongoDB connected"}
{"level":["error"],"timestamp":"05:10:2023|11:10:10","exception":true,"message":"uncaughtException: message is not defined"}
{"level":["info"],"timestamp":"05:10:2023|11:10:13","exception":false,"message":"MongoDB connected"}
{"level":["error"],"timestamp":"05:10:2023|11:10:92","exception":true,"message":"uncaughtException: message is not defined"}
{"level":["info"],"timestamp":"05:10:2023|11:10:95","exception":false,"message":"MongoDB connected"}
{"level":["error"],"timestamp":"05:10:2023|11:10:36","exception":true,"message":"uncaughtException: message is not defined"}
{"level":["info"],"timestamp":"05:10:2023|11:10:39","exception":false,"message":"MongoDB connected"}
{"level":["error"],"timestamp":"05:10:2023|11:10:02","exception":true,"message":"uncaughtException: message is not defined"}
{"level":["info"],"timestamp":"05:10:2023|11:10:05","exception":false,"message":"MongoDB connected"}
{"level":["info"],"timestamp":"05:10:2023|11:10:97","exception":false,"message":"MongoDB connected"}
{"level":["info"],"timestamp":"05:10:2023|11:10:49","exception":false,"message":"MongoDB connected"}
{"level":["info"],"timestamp":"05:10:2023|11:10:75","exception":false,"message":"MongoDB connected"}
{"level":["info"],"timestamp":"05:10:2023|11:10:87","exception":false,"message":"MongoDB connected"}
{"level":["error"],"timestamp":"05:10:2023|11:10:79","exception":false,"message":"language validation failed: key.0: Cast to [string] failed for value \"[ { en: 'english' } ]\" (type string) at path \"key.0\" because of \"CastError\""}
{"level":["error"],"timestamp":"05:10:2023|11:10:79","exception":false,"message":"ADD_LANGUAGE"}
{"level":["info"],"timestamp":"05:10:2023|11:10:12","exception":false,"message":"MongoDB connected"}
{"level":["error"],"timestamp":"05:10:2023|11:10:01","exception":false,"message":"findSchemeData is not defined"}
{"level":["error"],"timestamp":"05:10:2023|11:10:02","exception":false,"message":"ADD_LANGUAGE"}
{"level":["error"],"timestamp":"05:10:2023|11:10:67","exception":false,"message":"findSchemeData is not defined"}
{"level":["error"],"timestamp":"05:10:2023|11:10:67","exception":false,"message":"ADD_LANGUAGE"}
{"level":["info"],"timestamp":"05:10:2023|11:10:32","exception":false,"message":"MongoDB connected"}
{"level":["info"],"timestamp":"05:10:2023|11:10:11","exception":false,"message":"MongoDB connected"}
{"level":["error"],"timestamp":"05:10:2023|11:10:28","exception":false,"message":"Cannot read properties of undefined (reading 'key')"}
{"level":["error"],"timestamp":"05:10:2023|11:10:28","exception":false,"message":"ADD_LANGUAGE"}
{"level":["info"],"timestamp":"05:10:2023|11:10:30","exception":false,"message":"MongoDB connected"}
{"level":["info"],"timestamp":"05:10:2023|11:10:30","exception":false,"message":"MongoDB connected"}
{"level":["error"],"timestamp":"05:10:2023|11:10:28","exception":false,"message":"findSchemeData is not defined"}
{"level":["error"],"timestamp":"05:10:2023|11:10:28","exception":false,"message":"ADD_LANGUAGE"}
{"level":["info"],"timestamp":"05:10:2023|11:10:72","exception":false,"message":"MongoDB connected"}
{"level":["info"],"timestamp":"05:10:2023|11:10:89","exception":false,"message":"MongoDB connected"}
{"level":["error"],"timestamp":"05:10:2023|11:10:16","exception":false,"message":"findSchemeData is not defined"}
{"level":["error"],"timestamp":"05:10:2023|11:10:16","exception":false,"message":"ADD_LANGUAGE"}
{"level":["info"],"timestamp":"05:10:2023|11:10:32","exception":false,"message":"MongoDB connected"}
{"level":["error"],"timestamp":"05:10:2023|11:10:34","exception":false,"message":"findSchemeData is not defined"}
{"level":["error"],"timestamp":"05:10:2023|11:10:35","exception":false,"message":"ADD_LANGUAGE"}
{"level":["info"],"timestamp":"05:10:2023|11:10:05","exception":false,"message":"MongoDB connected"}
{"level":["error"],"timestamp":"05:10:2023|11:10:44","exception":false,"message":"findSchemeData is not defined"}
{"level":["error"],"timestamp":"05:10:2023|11:10:44","exception":false,"message":"ADD_LANGUAGE"}
{"level":["info"],"timestamp":"05:10:2023|12:10:49","exception":false,"message":"MongoDB connected"}
{"level":["info"],"timestamp":"05:10:2023|12:10:51","exception":false,"message":"MongoDB connected"}
{"level":["error"],"timestamp":"05:10:2023|12:10:52","exception":false,"message":"findSchemeData is not defined"}
{"level":["error"],"timestamp":"05:10:2023|12:10:52","exception":false,"message":"ADD_LANGUAGE"}
{"level":["info"],"timestamp":"05:10:2023|12:10:86","exception":false,"message":"MongoDB connected"}
{"level":["error"],"timestamp":"05:10:2023|12:10:46","exception":false,"message":"findSchemeData is not defined"}
{"level":["error"],"timestamp":"05:10:2023|12:10:46","exception":false,"message":"ADD_LANGUAGE"}
{"level":["info"],"timestamp":"05:10:2023|12:10:25","exception":false,"message":"MongoDB connected"}
{"level":["error"],"timestamp":"05:10:2023|12:10:68","exception":false,"message":"findSchemeData is not defined"}
{"level":["error"],"timestamp":"05:10:2023|12:10:68","exception":false,"message":"ADD_LANGUAGE"}
{"level":["info"],"timestamp":"05:10:2023|13:10:78","exception":false,"message":"MongoDB connected"}
{"level":["error"],"timestamp":"05:10:2023|13:10:77","exception":false,"message":"language validation failed: key.0: Cast to [string] failed for value \"[ { en: 'english' }, { guj: 'gujrati' }, { en: 'english' } ]\" (type string) at path \"key.0\" because of \"CastError\""}
{"level":["error"],"timestamp":"05:10:2023|13:10:78","exception":false,"message":"ADD_LANGUAGE"}
{"level":["info"],"timestamp":"05:10:2023|13:10:14","exception":false,"message":"MongoDB connected"}
{"level":["info"],"timestamp":"05:10:2023|13:10:43","exception":false,"message":"MongoDB connected"}
{"level":["info"],"timestamp":"05:10:2023|13:10:64","exception":false,"message":"MongoDB connected"}
{"level":["error"],"timestamp":"05:10:2023|13:10:06","exception":false,"message":"language validation failed: key.0: Cast to [string] failed for value \"[ { en: 'english' }, { guj: 'gujrati' } ]\" (type string) at path \"key.0\" because of \"CastError\""}
{"level":["error"],"timestamp":"05:10:2023|13:10:06","exception":false,"message":"ADD_LANGUAGE"}
{"level":["error"],"timestamp":"05:10:2023|13:10:74","exception":false,"message":"language validation failed: key.0: Cast to [string] failed for value \"[ { en: 'english' }, { guj: 'gujrati' } ]\" (type string) at path \"key.0\" because of \"CastError\""}
{"level":["error"],"timestamp":"05:10:2023|13:10:74","exception":false,"message":"ADD_LANGUAGE"}
{"level":["error"],"timestamp":"05:10:2023|13:10:76","exception":true,"message":"uncaughtException: Invalid schema configuration: `string` is not a valid type within the array `key`.See https://bit.ly/mongoose-schematypes for a list of valid schema types."}
{"level":["info"],"timestamp":"05:10:2023|13:10:78","exception":false,"message":"MongoDB connected"}
{"level":["info"],"timestamp":"05:10:2023|13:10:50","exception":false,"message":"MongoDB connected"}
{"level":["error"],"timestamp":"05:10:2023|13:10:63","exception":false,"message":"language validation failed: key.0: Cast to [string] failed for value \"[ { en: 'english' }, { guj: 'gujrati' } ]\" (type string) at path \"key.0\" because of \"CastError\""}
{"level":["error"],"timestamp":"05:10:2023|13:10:63","exception":false,"message":"ADD_LANGUAGE"}
{"level":["error"],"timestamp":"05:10:2023|13:10:82","exception":false,"message":"language validation failed: key.0: Cast to [string] failed for value \"[ { en: 'english' }, { guj: 'gujrati' } ]\" (type string) at path \"key.0\" because of \"CastError\""}
{"level":["error"],"timestamp":"05:10:2023|13:10:82","exception":false,"message":"ADD_LANGUAGE"}
{"level":["info"],"timestamp":"05:10:2023|13:10:69","exception":false,"message":"MongoDB connected"}
{"level":["info"],"timestamp":"05:10:2023|13:10:25","exception":false,"message":"MongoDB connected"}
{"level":["info"],"timestamp":"05:10:2023|13:10:23","exception":false,"message":"MongoDB connected"}
{"level":["error"],"timestamp":"05:10:2023|13:10:80","exception":false,"message":"E11000 duplicate key error collection: LT.pages index: name_1_website_id_1 dup key: { name: \"Contact_us\", website_id: ObjectId('651e3b20512042f72c21d14c') }"}
{"level":["error"],"timestamp":"05:10:2023|13:10:81","exception":false,"message":"CREATE_PAGE"}
{"level":["info"],"timestamp":"05:10:2023|13:10:56","exception":false,"message":"MongoDB connected"}
{"level":["error"],"timestamp":"05:10:2023|13:10:42","exception":false,"message":"E11000 duplicate key error collection: LT.pages index: name_1_website_id_1 dup key: { name: \"Contact_us\", website_id: ObjectId('651e3b20512042f72c21d14c') }"}
{"level":["error"],"timestamp":"05:10:2023|13:10:42","exception":false,"message":"CREATE_PAGE"}
{"level":["info"],"timestamp":"05:10:2023|13:10:90","exception":false,"message":"MongoDB connected"}
{"level":["info"],"timestamp":"05:10:2023|13:10:75","exception":false,"message":"MongoDB connected"}
{"level":["info"],"timestamp":"05:10:2023|13:10:72","exception":false,"message":"MongoDB connected"}
{"level":["info"],"timestamp":"05:10:2023|13:10:06","exception":false,"message":"MongoDB connected"}
{"level":["error"],"timestamp":"05:10:2023|13:10:77","exception":false,"message":"Unexpected token u in JSON at position 0"}
{"level":["error"],"timestamp":"05:10:2023|13:10:77","exception":false,"message":"ADD_LANGUAGE"}
{"level":["info"],"timestamp":"05:10:2023|13:10:59","exception":false,"message":"MongoDB connected"}
{"level":["error"],"timestamp":"05:10:2023|13:10:97","exception":false,"message":"Unexpected token u in JSON at position 0"}
{"level":["error"],"timestamp":"05:10:2023|13:10:97","exception":false,"message":"ADD_LANGUAGE"}
{"level":["info"],"timestamp":"05:10:2023|13:10:93","exception":false,"message":"MongoDB connected"}
{"level":["info"],"timestamp":"05:10:2023|13:10:98","exception":false,"message":"MongoDB connected"}
{"level":["info"],"timestamp":"05:10:2023|13:10:31","exception":false,"message":"MongoDB connected"}
{"level":["info"],"timestamp":"05:10:2023|13:10:80","exception":false,"message":"MongoDB connected"}
{"level":["info"],"timestamp":"05:10:2023|13:10:44","exception":false,"message":"MongoDB connected"}
{"level":["info"],"timestamp":"05:10:2023|13:10:42","exception":false,"message":"MongoDB connected"}
{"level":["info"],"timestamp":"05:10:2023|13:10:84","exception":false,"message":"MongoDB connected"}
{"level":["info"],"timestamp":"05:10:2023|13:10:11","exception":false,"message":"MongoDB connected"}
{"level":["error"],"timestamp":"05:10:2023|13:10:06","exception":false,"message":"uniqueArray is not a constructor"}
{"level":["error"],"timestamp":"05:10:2023|13:10:06","exception":false,"message":"ADD_LANGUAGE"}
{"level":["info"],"timestamp":"05:10:2023|13:10:89","exception":false,"message":"MongoDB connected"}
{"level":["info"],"timestamp":"05:10:2023|13:10:45","exception":false,"message":"MongoDB connected"}
{"level":["info"],"timestamp":"05:10:2023|13:10:56","exception":false,"message":"MongoDB connected"}
{"level":["error"],"timestamp":"05:10:2023|13:10:18","exception":true,"message":"uncaughtException: Cannot access 'bookSchema' before initialization"}
{"level":["info"],"timestamp":"05:10:2023|13:10:20","exception":false,"message":"MongoDB connected"}
{"level":["info"],"timestamp":"05:10:2023|13:10:14","exception":false,"message":"MongoDB connected"}
{"level":["error"],"timestamp":"05:10:2023|13:10:50","exception":false,"message":"language validation failed: key: Cast to Embedded failed for value \"[ { en: 'english' }, { guj: 'gujrati' }, { EN: 'english' } ]\" (type Array) at path \"key\" because of \"ObjectExpectedError\""}
{"level":["error"],"timestamp":"05:10:2023|13:10:50","exception":false,"message":"ADD_LANGUAGE"}
{"level":["info"],"timestamp":"05:10:2023|13:10:42","exception":false,"message":"MongoDB connected"}
{"level":["error"],"timestamp":"05:10:2023|13:10:69","exception":false,"message":"language validation failed: key: Cast to Embedded failed for value \"[ { en: 'english' }, { guj: 'gujrati' }, { EN: 'english' } ]\" (type Array) at path \"key\" because of \"ObjectExpectedError\""}
{"level":["error"],"timestamp":"05:10:2023|13:10:69","exception":false,"message":"ADD_LANGUAGE"}
{"level":["info"],"timestamp":"05:10:2023|13:10:91","exception":false,"message":"MongoDB connected"}
{"level":["info"],"timestamp":"05:10:2023|13:10:79","exception":false,"message":"MongoDB connected"}
{"level":["info"],"timestamp":"05:10:2023|13:10:74","exception":false,"message":"MongoDB connected"}
{"level":["info"],"timestamp":"05:10:2023|14:10:43","exception":false,"message":"MongoDB connected"}
{"level":["info"],"timestamp":"05:10:2023|14:10:85","exception":false,"message":"MongoDB connected"}
{"level":["info"],"timestamp":"05:10:2023|14:10:08","exception":false,"message":"MongoDB connected"}
{"level":["error"],"timestamp":"05:10:2023|14:10:07","exception":false,"message":"Object.keys(...).toUpperCase is not a function"}
{"level":["error"],"timestamp":"05:10:2023|14:10:07","exception":false,"message":"ADD_LANGUAGE"}
{"level":["info"],"timestamp":"05:10:2023|14:10:95","exception":false,"message":"MongoDB connected"}
{"level":["info"],"timestamp":"05:10:2023|14:10:87","exception":false,"message":"MongoDB connected"}
{"level":["info"],"timestamp":"05:10:2023|14:10:75","exception":false,"message":"MongoDB connected"}
{"level":["info"],"timestamp":"05:10:2023|14:10:95","exception":false,"message":"MongoDB connected"}
{"level":["info"],"timestamp":"05:10:2023|14:10:59","exception":false,"message":"MongoDB connected"}
{"level":["info"],"timestamp":"05:10:2023|14:10:46","exception":false,"message":"MongoDB connected"}
{"level":["info"],"timestamp":"05:10:2023|14:10:56","exception":false,"message":"MongoDB connected"}
{"level":["info"],"timestamp":"05:10:2023|14:10:62","exception":false,"message":"MongoDB connected"}
{"level":["error"],"timestamp":"05:10:2023|14:10:07","exception":true,"message":"uncaughtException: bookSchema is not defined"}
{"level":["info"],"timestamp":"05:10:2023|14:10:09","exception":false,"message":"MongoDB connected"}
{"level":["info"],"timestamp":"05:10:2023|14:10:46","exception":false,"message":"MongoDB connected"}
{"level":["info"],"timestamp":"05:10:2023|14:10:21","exception":false,"message":"MongoDB connected"}
{"level":["info"],"timestamp":"05:10:2023|14:10:12","exception":false,"message":"MongoDB connected"}
{"level":["info"],"timestamp":"05:10:2023|14:10:30","exception":false,"message":"MongoDB connected"}
{"level":["info"],"timestamp":"05:10:2023|14:10:33","exception":false,"message":"MongoDB connected"}
{"level":["info"],"timestamp":"05:10:2023|14:10:66","exception":false,"message":"MongoDB connected"}
{"level":["info"],"timestamp":"05:10:2023|14:10:64","exception":false,"message":"MongoDB connected"}
{"level":["info"],"timestamp":"05:10:2023|14:10:65","exception":false,"message":"MongoDB connected"}
{"level":["info"],"timestamp":"05:10:2023|14:10:12","exception":false,"message":"MongoDB connected"}
{"level":["info"],"timestamp":"05:10:2023|14:10:63","exception":false,"message":"MongoDB connected"}
{"level":["info"],"timestamp":"05:10:2023|14:10:92","exception":false,"message":"MongoDB connected"}
{"level":["info"],"timestamp":"05:10:2023|14:10:06","exception":false,"message":"MongoDB connected"}
{"level":["info"],"timestamp":"05:10:2023|14:10:08","exception":false,"message":"MongoDB connected"}
{"level":["info"],"timestamp":"05:10:2023|14:10:18","exception":false,"message":"MongoDB connected"}
{"level":["info"],"timestamp":"05:10:2023|14:10:18","exception":false,"message":"MongoDB connected"}
{"level":["info"],"timestamp":"05:10:2023|14:10:70","exception":false,"message":"MongoDB connected"}
{"level":["info"],"timestamp":"05:10:2023|14:10:28","exception":false,"message":"MongoDB connected"}
{"level":["info"],"timestamp":"05:10:2023|14:10:22","exception":false,"message":"MongoDB connected"}
{"level":["info"],"timestamp":"05:10:2023|14:10:55","exception":false,"message":"MongoDB connected"}
{"level":["info"],"timestamp":"05:10:2023|14:10:02","exception":false,"message":"MongoDB connected"}
{"level":["info"],"timestamp":"05:10:2023|14:10:26","exception":false,"message":"MongoDB connected"}
{"level":["info"],"timestamp":"05:10:2023|14:10:14","exception":false,"message":"MongoDB connected"}
{"level":["info"],"timestamp":"05:10:2023|14:10:14","exception":false,"message":"MongoDB connected"}
{"level":["info"],"timestamp":"05:10:2023|14:10:65","exception":false,"message":"MongoDB connected"}
{"level":["info"],"timestamp":"05:10:2023|14:10:91","exception":false,"message":"MongoDB connected"}
{"level":["info"],"timestamp":"05:10:2023|14:10:01","exception":false,"message":"MongoDB connected"}
{"level":["info"],"timestamp":"05:10:2023|14:10:97","exception":false,"message":"MongoDB connected"}
{"level":["info"],"timestamp":"05:10:2023|14:10:37","exception":false,"message":"MongoDB connected"}
{"level":["info"],"timestamp":"05:10:2023|14:10:38","exception":false,"message":"MongoDB connected"}
{"level":["info"],"timestamp":"05:10:2023|14:10:19","exception":false,"message":"MongoDB connected"}
{"level":["info"],"timestamp":"05:10:2023|15:10:77","exception":false,"message":"MongoDB connected"}
{"level":["info"],"timestamp":"05:10:2023|15:10:27","exception":false,"message":"MongoDB connected"}
{"level":["info"],"timestamp":"05:10:2023|15:10:02","exception":false,"message":"MongoDB connected"}
{"level":["info"],"timestamp":"05:10:2023|15:10:17","exception":false,"message":"::1 - - [05/Oct/2023:09:45:23 +0000] \"PUT /website/651e80ed2c28ce269dc5476a HTTP/1.1\" 404 - \"-\" \"PostmanRuntime/7.33.0\"\n"}
{"level":["info"],"timestamp":"05:10:2023|15:10:05","exception":false,"message":"::1 - - [05/Oct/2023:09:45:52 +0000] \"PUT /website/651e80ed2c28ce269dc5476a HTTP/1.1\" 404 - \"-\" \"PostmanRuntime/7.33.0\"\n"}
{"level":["error"],"timestamp":"05:10:2023|15:10:52","exception":false,"message":"Cast to ObjectId failed for value \":websiteId\" (type string) at path \"_id\" for model \"website\""}
{"level":["error"],"timestamp":"05:10:2023|15:10:52","exception":false,"message":"DELETE_WEBSITE_DATA"}
{"level":["info"],"timestamp":"05:10:2023|15:10:89","exception":false,"message":"MongoDB connected"}
{"level":["info"],"timestamp":"05:10:2023|15:10:100","exception":false,"message":"MongoDB connected"}
{"level":["error"],"timestamp":"05:10:2023|15:10:14","exception":false,"message":"Cast to ObjectId failed for value \":websiteId\" (type string) at path \"_id\" for model \"website\""}
{"level":["error"],"timestamp":"05:10:2023|15:10:14","exception":false,"message":"DELETE_WEBSITE_DATA"}
{"level":["info"],"timestamp":"05:10:2023|15:10:26","exception":false,"message":"MongoDB connected"}
{"level":["info"],"timestamp":"05:10:2023|15:10:26","exception":false,"message":"MongoDB connected"}
{"level":["info"],"timestamp":"05:10:2023|15:10:18","exception":false,"message":"MongoDB connected"}
{"level":["info"],"timestamp":"05:10:2023|15:10:36","exception":false,"message":"MongoDB connected"}
{"level":["info"],"timestamp":"05:10:2023|15:10:44","exception":false,"message":"MongoDB connected"}
{"level":["info"],"timestamp":"05:10:2023|15:10:15","exception":false,"message":"MongoDB connected"}
{"level":["info"],"timestamp":"05:10:2023|15:10:17","exception":false,"message":"MongoDB connected"}
{"level":["info"],"timestamp":"05:10:2023|15:10:50","exception":false,"message":"MongoDB connected"}
{"level":["info"],"timestamp":"05:10:2023|15:10:93","exception":false,"message":"MongoDB connected"}
{"level":["info"],"timestamp":"05:10:2023|15:10:56","exception":false,"message":"MongoDB connected"}
{"level":["info"],"timestamp":"05:10:2023|15:10:92","exception":false,"message":"MongoDB connected"}
{"level":["info"],"timestamp":"05:10:2023|15:10:73","exception":false,"message":"MongoDB connected"}
{"level":["info"],"timestamp":"05:10:2023|15:10:31","exception":false,"message":"MongoDB connected"}
{"level":["info"],"timestamp":"05:10:2023|15:10:44","exception":false,"message":"MongoDB connected"}
{"level":["info"],"timestamp":"05:10:2023|15:10:18","exception":false,"message":"MongoDB connected"}
{"level":["info"],"timestamp":"05:10:2023|15:10:49","exception":false,"message":"MongoDB connected"}
{"level":["info"],"timestamp":"05:10:2023|15:10:86","exception":false,"message":"MongoDB connected"}
{"level":["info"],"timestamp":"05:10:2023|15:10:30","exception":false,"message":"MongoDB connected"}
{"level":["info"],"timestamp":"05:10:2023|15:10:40","exception":false,"message":"MongoDB connected"}
{"level":["info"],"timestamp":"05:10:2023|15:10:37","exception":false,"message":"MongoDB connected"}
{"level":["info"],"timestamp":"05:10:2023|15:10:94","exception":false,"message":"MongoDB connected"}
{"level":["info"],"timestamp":"05:10:2023|15:10:16","exception":false,"message":"MongoDB connected"}
{"level":["info"],"timestamp":"05:10:2023|15:10:80","exception":false,"message":"MongoDB connected"}
{"level":["info"],"timestamp":"05:10:2023|15:10:26","exception":false,"message":"MongoDB connected"}
{"level":["info"],"timestamp":"05:10:2023|15:10:78","exception":false,"message":"MongoDB connected"}
{"level":["info"],"timestamp":"05:10:2023|15:10:22","exception":false,"message":"MongoDB connected"}
{"level":["info"],"timestamp":"05:10:2023|15:10:96","exception":false,"message":"MongoDB connected"}
{"level":["info"],"timestamp":"05:10:2023|15:10:31","exception":false,"message":"MongoDB connected"}
{"level":["info"],"timestamp":"05:10:2023|15:10:45","exception":false,"message":"MongoDB connected"}
{"level":["info"],"timestamp":"05:10:2023|15:10:68","exception":false,"message":"MongoDB connected"}
{"level":["info"],"timestamp":"05:10:2023|15:10:55","exception":false,"message":"MongoDB connected"}
{"level":["info"],"timestamp":"05:10:2023|15:10:24","exception":false,"message":"MongoDB connected"}
{"level":["info"],"timestamp":"05:10:2023|15:10:62","exception":false,"message":"MongoDB connected"}
{"level":["info"],"timestamp":"05:10:2023|15:10:00","exception":false,"message":"MongoDB connected"}
{"level":["info"],"timestamp":"05:10:2023|15:10:85","exception":false,"message":"MongoDB connected"}
{"level":["info"],"timestamp":"05:10:2023|15:10:57","exception":false,"message":"MongoDB connected"}
{"level":["info"],"timestamp":"05:10:2023|16:10:60","exception":false,"message":"MongoDB connected"}
{"level":["error"],"timestamp":"05:10:2023|16:10:96","exception":false,"message":"Cast to ObjectId failed for value \":pageId\" (type string) at path \"_id\" for model \"page\""}
{"level":["error"],"timestamp":"05:10:2023|16:10:96","exception":false,"message":"GET_PAGE_DATA"}
{"level":["info"],"timestamp":"05:10:2023|16:10:36","exception":false,"message":"::1 - - [05/Oct/2023:10:49:11 +0000] \"PUT /page/:pageId HTTP/1.1\" 404 - \"-\" \"PostmanRuntime/7.33.0\"\n"}
{"level":["info"],"timestamp":"05:10:2023|16:10:31","exception":false,"message":"MongoDB connected"}
{"level":["info"],"timestamp":"05:10:2023|16:10:41","exception":false,"message":"::1 - - [05/Oct/2023:10:50:06 +0000] \"PUT /page/651e470fe607e31ea05f743b HTTP/1.1\" 404 - \"-\" \"PostmanRuntime/7.33.0\"\n"}
{"level":["info"],"timestamp":"05:10:2023|16:10:04","exception":false,"message":"MongoDB connected"}
{"level":["info"],"timestamp":"05:10:2023|16:10:58","exception":false,"message":"MongoDB connected"}
{"level":["info"],"timestamp":"05:10:2023|16:10:63","exception":false,"message":"MongoDB connected"}
{"level":["info"],"timestamp":"05:10:2023|16:10:50","exception":false,"message":"MongoDB connected"}
{"level":["info"],"timestamp":"05:10:2023|16:10:13","exception":false,"message":"MongoDB connected"}
{"level":["info"],"timestamp":"05:10:2023|16:10:31","exception":false,"message":"MongoDB connected"}
{"level":["info"],"timestamp":"05:10:2023|16:10:37","exception":false,"message":"MongoDB connected"}
{"level":["error"],"timestamp":"05:10:2023|16:10:67","exception":true,"message":"uncaughtException: param is not defined"}
{"level":["info"],"timestamp":"05:10:2023|16:10:69","exception":false,"message":"MongoDB connected"}
{"level":["error"],"timestamp":"05:10:2023|16:10:16","exception":true,"message":"uncaughtException: param is not defined"}
{"level":["info"],"timestamp":"05:10:2023|16:10:18","exception":false,"message":"MongoDB connected"}
{"level":["error"],"timestamp":"05:10:2023|16:10:74","exception":true,"message":"uncaughtException: param is not defined"}
{"level":["info"],"timestamp":"05:10:2023|16:10:76","exception":false,"message":"MongoDB connected"}
{"level":["error"],"timestamp":"05:10:2023|16:10:36","exception":true,"message":"uncaughtException: param is not defined"}
{"level":["info"],"timestamp":"05:10:2023|16:10:39","exception":false,"message":"MongoDB connected"}
{"level":["error"],"timestamp":"05:10:2023|16:10:42","exception":true,"message":"uncaughtException: param is not defined"}
{"level":["info"],"timestamp":"05:10:2023|16:10:44","exception":false,"message":"MongoDB connected"}
{"level":["info"],"timestamp":"05:10:2023|16:10:98","exception":false,"message":"MongoDB connected"}
{"level":["info"],"timestamp":"05:10:2023|16:10:96","exception":false,"message":"MongoDB connected"}
{"level":["info"],"timestamp":"05:10:2023|16:10:34","exception":false,"message":"MongoDB connected"}
{"level":["info"],"timestamp":"05:10:2023|16:10:60","exception":false,"message":"MongoDB connected"}
{"level":["info"],"timestamp":"05:10:2023|16:10:72","exception":false,"message":"MongoDB connected"}
{"level":["info"],"timestamp":"05:10:2023|16:10:88","exception":false,"message":"MongoDB connected"}
{"level":["info"],"timestamp":"05:10:2023|16:10:79","exception":false,"message":"MongoDB connected"}
{"level":["info"],"timestamp":"05:10:2023|16:10:55","exception":false,"message":"MongoDB connected"}
{"level":["info"],"timestamp":"05:10:2023|16:10:71","exception":false,"message":"MongoDB connected"}
{"level":["info"],"timestamp":"05:10:2023|16:10:98","exception":false,"message":"MongoDB connected"}
{"level":["info"],"timestamp":"05:10:2023|16:10:28","exception":false,"message":"MongoDB connected"}
{"level":["info"],"timestamp":"05:10:2023|16:10:06","exception":false,"message":"MongoDB connected"}
{"level":["info"],"timestamp":"05:10:2023|16:10:45","exception":false,"message":"MongoDB connected"}
{"level":["info"],"timestamp":"05:10:2023|16:10:47","exception":false,"message":"MongoDB connected"}
{"level":["info"],"timestamp":"05:10:2023|16:10:86","exception":false,"message":"MongoDB connected"}
{"level":["info"],"timestamp":"05:10:2023|16:10:49","exception":false,"message":"MongoDB connected"}
{"level":["info"],"timestamp":"05:10:2023|16:10:76","exception":false,"message":"MongoDB connected"}
{"level":["info"],"timestamp":"05:10:2023|16:10:26","exception":false,"message":"MongoDB connected"}
{"level":["info"],"timestamp":"05:10:2023|16:10:26","exception":false,"message":"MongoDB connected"}
{"level":["info"],"timestamp":"05:10:2023|16:10:97","exception":false,"message":"MongoDB connected"}
{"level":["info"],"timestamp":"05:10:2023|16:10:34","exception":false,"message":"MongoDB connected"}
{"level":["info"],"timestamp":"05:10:2023|16:10:86","exception":false,"message":"MongoDB connected"}
{"level":["info"],"timestamp":"05:10:2023|16:10:14","exception":false,"message":"MongoDB connected"}
{"level":["info"],"timestamp":"05:10:2023|16:10:40","exception":false,"message":"MongoDB connected"}
{"level":["info"],"timestamp":"05:10:2023|16:10:91","exception":false,"message":"MongoDB connected"}
{"level":["info"],"timestamp":"05:10:2023|16:10:14","exception":false,"message":"MongoDB connected"}
{"level":["info"],"timestamp":"05:10:2023|16:10:75","exception":false,"message":"MongoDB connected"}
{"level":["info"],"timestamp":"05:10:2023|17:10:74","exception":false,"message":"MongoDB connected"}
{"level":["info"],"timestamp":"05:10:2023|17:10:22","exception":false,"message":"MongoDB connected"}
{"level":["info"],"timestamp":"05:10:2023|17:10:67","exception":false,"message":"MongoDB connected"}
{"level":["info"],"timestamp":"05:10:2023|17:10:24","exception":false,"message":"MongoDB connected"}
{"level":["info"],"timestamp":"05:10:2023|17:10:08","exception":false,"message":"MongoDB connected"}
{"level":["info"],"timestamp":"05:10:2023|17:10:01","exception":false,"message":"MongoDB connected"}
{"level":["info"],"timestamp":"05:10:2023|17:10:06","exception":false,"message":"MongoDB connected"}
{"level":["info"],"timestamp":"05:10:2023|17:10:70","exception":false,"message":"MongoDB connected"}
{"level":["info"],"timestamp":"05:10:2023|17:10:63","exception":false,"message":"MongoDB connected"}
{"level":["info"],"timestamp":"05:10:2023|17:10:30","exception":false,"message":"MongoDB connected"}
{"level":["info"],"timestamp":"05:10:2023|17:10:97","exception":false,"message":"MongoDB connected"}
{"level":["info"],"timestamp":"05:10:2023|17:10:47","exception":false,"message":"MongoDB connected"}
{"level":["info"],"timestamp":"05:10:2023|17:10:28","exception":false,"message":"MongoDB connected"}
{"level":["info"],"timestamp":"05:10:2023|17:10:16","exception":false,"message":"MongoDB connected"}
{"level":["info"],"timestamp":"05:10:2023|17:10:33","exception":false,"message":"MongoDB connected"}
{"level":["info"],"timestamp":"05:10:2023|17:10:89","exception":false,"message":"MongoDB connected"}
{"level":["info"],"timestamp":"05:10:2023|17:10:20","exception":false,"message":"MongoDB connected"}
{"level":["info"],"timestamp":"05:10:2023|17:10:63","exception":false,"message":"MongoDB connected"}
{"level":["info"],"timestamp":"05:10:2023|17:10:47","exception":false,"message":"MongoDB connected"}
{"level":["info"],"timestamp":"05:10:2023|17:10:94","exception":false,"message":"MongoDB connected"}
{"level":["info"],"timestamp":"05:10:2023|17:10:88","exception":false,"message":"MongoDB connected"}
{"level":["info"],"timestamp":"05:10:2023|17:10:90","exception":false,"message":"MongoDB connected"}
{"level":["info"],"timestamp":"05:10:2023|17:10:41","exception":false,"message":"MongoDB connected"}
{"level":["info"],"timestamp":"05:10:2023|17:10:10","exception":false,"message":"MongoDB connected"}
{"level":["info"],"timestamp":"05:10:2023|17:10:83","exception":false,"message":"MongoDB connected"}
{"level":["info"],"timestamp":"05:10:2023|17:10:95","exception":false,"message":"MongoDB connected"}
{"level":["info"],"timestamp":"05:10:2023|17:10:88","exception":false,"message":"MongoDB connected"}
{"level":["info"],"timestamp":"05:10:2023|17:10:96","exception":false,"message":"MongoDB connected"}
{"level":["info"],"timestamp":"05:10:2023|17:10:56","exception":false,"message":"MongoDB connected"}
{"level":["warn"],"timestamp":"05:10:2023|17:10:64","exception":false,"message":"MongoDB Disconnected"}
{"level":["warn"],"timestamp":"05:10:2023|17:10:70","exception":false,"message":"MongoDB Connection Closed Successfully!"}
