{"level":["info"],"timestamp":"06:10:2023|09:10:55","exception":false,"message":"MongoDB connected"}
{"level":["error"],"timestamp":"06:10:2023|09:10:71","exception":false,"message":"Cast to ObjectId failed for value \":languageId\" (type string) at path \"_id\" for model \"language\""}
{"level":["error"],"timestamp":"06:10:2023|09:10:71","exception":false,"message":"GET_LANGUAGE_DATA"}
{"level":["info"],"timestamp":"06:10:2023|09:10:74","exception":false,"message":"MongoDB connected"}
{"level":["info"],"timestamp":"06:10:2023|09:10:39","exception":false,"message":"MongoDB connected"}
{"level":["info"],"timestamp":"06:10:2023|09:10:25","exception":false,"message":"MongoDB connected"}
{"level":["info"],"timestamp":"06:10:2023|09:10:25","exception":false,"message":"MongoDB connected"}
{"level":["info"],"timestamp":"06:10:2023|09:10:86","exception":false,"message":"MongoDB connected"}
{"level":["info"],"timestamp":"06:10:2023|09:10:60","exception":false,"message":"MongoDB connected"}
{"level":["info"],"timestamp":"06:10:2023|09:10:95","exception":false,"message":"MongoDB connected"}
{"level":["info"],"timestamp":"06:10:2023|09:10:18","exception":false,"message":"MongoDB connected"}
{"level":["info"],"timestamp":"06:10:2023|10:10:56","exception":false,"message":"MongoDB connected"}
{"level":["info"],"timestamp":"06:10:2023|10:10:65","exception":false,"message":"MongoDB connected"}
{"level":["info"],"timestamp":"06:10:2023|10:10:76","exception":false,"message":"MongoDB connected"}
{"level":["info"],"timestamp":"06:10:2023|10:10:64","exception":false,"message":"MongoDB connected"}
{"level":["info"],"timestamp":"06:10:2023|10:10:86","exception":false,"message":"MongoDB connected"}
{"level":["info"],"timestamp":"06:10:2023|10:10:22","exception":false,"message":"MongoDB connected"}
{"level":["info"],"timestamp":"06:10:2023|10:10:42","exception":false,"message":"MongoDB connected"}
{"level":["info"],"timestamp":"06:10:2023|10:10:18","exception":false,"message":"MongoDB connected"}
{"level":["info"],"timestamp":"06:10:2023|10:10:06","exception":false,"message":"MongoDB connected"}
{"level":["info"],"timestamp":"06:10:2023|10:10:80","exception":false,"message":"MongoDB connected"}
{"level":["info"],"timestamp":"06:10:2023|10:10:47","exception":false,"message":"MongoDB connected"}
{"level":["info"],"timestamp":"06:10:2023|10:10:85","exception":false,"message":"MongoDB connected"}
{"level":["info"],"timestamp":"06:10:2023|10:10:15","exception":false,"message":"MongoDB connected"}
{"level":["info"],"timestamp":"06:10:2023|10:10:75","exception":false,"message":"MongoDB connected"}
{"level":["info"],"timestamp":"06:10:2023|10:10:14","exception":false,"message":"MongoDB connected"}
{"level":["info"],"timestamp":"06:10:2023|10:10:99","exception":false,"message":"MongoDB connected"}
{"level":["info"],"timestamp":"06:10:2023|10:10:07","exception":false,"message":"MongoDB connected"}
{"level":["info"],"timestamp":"06:10:2023|10:10:07","exception":false,"message":"MongoDB connected"}
{"level":["info"],"timestamp":"06:10:2023|10:10:55","exception":false,"message":"MongoDB connected"}
{"level":["info"],"timestamp":"06:10:2023|10:10:76","exception":false,"message":"MongoDB connected"}
{"level":["error"],"timestamp":"06:10:2023|10:10:50","exception":false,"message":"the match filter must be an expression in an object"}
{"level":["error"],"timestamp":"06:10:2023|10:10:50","exception":false,"message":"GET_LANGUAGE_DATA"}
{"level":["info"],"timestamp":"06:10:2023|10:10:48","exception":false,"message":"MongoDB connected"}
{"level":["info"],"timestamp":"06:10:2023|10:10:95","exception":false,"message":"MongoDB connected"}
{"level":["info"],"timestamp":"06:10:2023|10:10:71","exception":false,"message":"MongoDB connected"}
{"level":["info"],"timestamp":"06:10:2023|10:10:00","exception":false,"message":"MongoDB connected"}
{"level":["info"],"timestamp":"06:10:2023|10:10:68","exception":false,"message":"MongoDB connected"}
{"level":["info"],"timestamp":"06:10:2023|10:10:25","exception":false,"message":"MongoDB connected"}
{"level":["info"],"timestamp":"06:10:2023|10:10:36","exception":false,"message":"MongoDB connected"}
{"level":["info"],"timestamp":"06:10:2023|10:10:12","exception":false,"message":"MongoDB connected"}
{"level":["error"],"timestamp":"06:10:2023|10:10:20","exception":false,"message":"mongoose is not defined"}
{"level":["error"],"timestamp":"06:10:2023|10:10:20","exception":false,"message":"GET_LANGUAGE_DATA"}
{"level":["info"],"timestamp":"06:10:2023|10:10:69","exception":false,"message":"MongoDB connected"}
{"level":["info"],"timestamp":"06:10:2023|10:10:83","exception":false,"message":"MongoDB connected"}
{"level":["info"],"timestamp":"06:10:2023|11:10:67","exception":false,"message":"MongoDB connected"}
{"level":["info"],"timestamp":"06:10:2023|11:10:29","exception":false,"message":"MongoDB connected"}
{"level":["info"],"timestamp":"06:10:2023|11:10:63","exception":false,"message":"MongoDB connected"}
{"level":["info"],"timestamp":"06:10:2023|11:10:27","exception":false,"message":"MongoDB connected"}
{"level":["info"],"timestamp":"06:10:2023|11:10:72","exception":false,"message":"MongoDB connected"}
{"level":["info"],"timestamp":"06:10:2023|11:10:15","exception":false,"message":"MongoDB connected"}
{"level":["info"],"timestamp":"06:10:2023|11:10:78","exception":false,"message":"MongoDB connected"}
{"level":["info"],"timestamp":"06:10:2023|11:10:65","exception":false,"message":"MongoDB connected"}
{"level":["info"],"timestamp":"06:10:2023|11:10:16","exception":false,"message":"MongoDB connected"}
{"level":["info"],"timestamp":"06:10:2023|11:10:29","exception":false,"message":"MongoDB connected"}
{"level":["info"],"timestamp":"06:10:2023|11:10:26","exception":false,"message":"MongoDB connected"}
{"level":["info"],"timestamp":"06:10:2023|11:10:28","exception":false,"message":"MongoDB connected"}
{"level":["info"],"timestamp":"06:10:2023|11:10:11","exception":false,"message":"MongoDB connected"}
{"level":["info"],"timestamp":"06:10:2023|11:10:77","exception":false,"message":"MongoDB connected"}
{"level":["error"],"timestamp":"06:10:2023|11:10:62","exception":false,"message":"item.save is not a function"}
{"level":["error"],"timestamp":"06:10:2023|11:10:62","exception":false,"message":"ADD_LANGUAGE"}
{"level":["info"],"timestamp":"06:10:2023|11:10:21","exception":false,"message":"MongoDB connected"}
{"level":["error"],"timestamp":"06:10:2023|11:10:04","exception":false,"message":"item is not a constructor"}
{"level":["error"],"timestamp":"06:10:2023|11:10:04","exception":false,"message":"ADD_LANGUAGE"}
{"level":["info"],"timestamp":"06:10:2023|11:10:00","exception":false,"message":"MongoDB connected"}
{"level":["info"],"timestamp":"06:10:2023|11:10:26","exception":false,"message":"MongoDB connected"}
{"level":["info"],"timestamp":"06:10:2023|11:10:58","exception":false,"message":"MongoDB connected"}
{"level":["info"],"timestamp":"06:10:2023|11:10:33","exception":false,"message":"MongoDB connected"}
{"level":["info"],"timestamp":"06:10:2023|11:10:24","exception":false,"message":"MongoDB connected"}
{"level":["info"],"timestamp":"06:10:2023|11:10:90","exception":false,"message":"MongoDB connected"}
{"level":["info"],"timestamp":"06:10:2023|11:10:99","exception":false,"message":"MongoDB connected"}
{"level":["info"],"timestamp":"06:10:2023|12:10:11","exception":false,"message":"MongoDB connected"}
{"level":["info"],"timestamp":"06:10:2023|12:10:88","exception":false,"message":"MongoDB connected"}
{"level":["info"],"timestamp":"06:10:2023|12:10:27","exception":false,"message":"MongoDB connected"}
{"level":["info"],"timestamp":"06:10:2023|12:10:02","exception":false,"message":"MongoDB connected"}
{"level":["info"],"timestamp":"06:10:2023|12:10:08","exception":false,"message":"MongoDB connected"}
{"level":["info"],"timestamp":"06:10:2023|12:10:72","exception":false,"message":"MongoDB connected"}
{"level":["info"],"timestamp":"06:10:2023|12:10:26","exception":false,"message":"MongoDB connected"}
{"level":["info"],"timestamp":"06:10:2023|12:10:56","exception":false,"message":"MongoDB connected"}
{"level":["info"],"timestamp":"06:10:2023|12:10:13","exception":false,"message":"MongoDB connected"}
{"level":["info"],"timestamp":"06:10:2023|12:10:95","exception":false,"message":"MongoDB connected"}
{"level":["info"],"timestamp":"06:10:2023|12:10:54","exception":false,"message":"MongoDB connected"}
{"level":["info"],"timestamp":"06:10:2023|12:10:76","exception":false,"message":"MongoDB connected"}
{"level":["error"],"timestamp":"06:10:2023|12:10:05","exception":false,"message":"languageName is not defined"}
{"level":["error"],"timestamp":"06:10:2023|12:10:05","exception":false,"message":"ADD_LANGUAGE"}
{"level":["info"],"timestamp":"06:10:2023|12:10:17","exception":false,"message":"MongoDB connected"}
{"level":["error"],"timestamp":"06:10:2023|12:10:84","exception":false,"message":"languageName is not defined"}
{"level":["error"],"timestamp":"06:10:2023|12:10:84","exception":false,"message":"ADD_LANGUAGE"}
{"level":["info"],"timestamp":"06:10:2023|12:10:80","exception":false,"message":"MongoDB connected"}
{"level":["error"],"timestamp":"06:10:2023|12:10:14","exception":false,"message":"forEach is not defined"}
{"level":["error"],"timestamp":"06:10:2023|12:10:14","exception":false,"message":"ADD_LANGUAGE"}
{"level":["info"],"timestamp":"06:10:2023|12:10:88","exception":false,"message":"MongoDB connected"}
{"level":["error"],"timestamp":"06:10:2023|12:10:63","exception":false,"message":"Cannot read properties of undefined (reading '#<Object>')"}
{"level":["error"],"timestamp":"06:10:2023|12:10:63","exception":false,"message":"ADD_LANGUAGE"}
{"level":["info"],"timestamp":"06:10:2023|12:10:59","exception":false,"message":"MongoDB connected"}
{"level":["error"],"timestamp":"06:10:2023|12:10:86","exception":false,"message":"Cannot read properties of undefined (reading 'push')"}
{"level":["error"],"timestamp":"06:10:2023|12:10:86","exception":false,"message":"ADD_LANGUAGE"}
{"level":["info"],"timestamp":"06:10:2023|12:10:51","exception":false,"message":"MongoDB connected"}
{"level":["error"],"timestamp":"06:10:2023|12:10:81","exception":false,"message":"Cannot read properties of undefined (reading 'push')"}
{"level":["error"],"timestamp":"06:10:2023|12:10:81","exception":false,"message":"ADD_LANGUAGE"}
{"level":["info"],"timestamp":"06:10:2023|12:10:85","exception":false,"message":"MongoDB connected"}
{"level":["info"],"timestamp":"06:10:2023|12:10:37","exception":false,"message":"MongoDB connected"}
{"level":["info"],"timestamp":"06:10:2023|12:10:85","exception":false,"message":"MongoDB connected"}
{"level":["info"],"timestamp":"06:10:2023|12:10:45","exception":false,"message":"MongoDB connected"}
{"level":["info"],"timestamp":"06:10:2023|12:10:71","exception":false,"message":"MongoDB connected"}
{"level":["info"],"timestamp":"06:10:2023|12:10:48","exception":false,"message":"MongoDB connected"}
{"level":["error"],"timestamp":"06:10:2023|12:10:93","exception":false,"message":"Cannot read properties of undefined (reading 'map')"}
{"level":["error"],"timestamp":"06:10:2023|12:10:93","exception":false,"message":"ADD_LANGUAGE"}
{"level":["error"],"timestamp":"06:10:2023|12:10:53","exception":false,"message":"Cannot read properties of undefined (reading 'map')"}
{"level":["error"],"timestamp":"06:10:2023|12:10:53","exception":false,"message":"ADD_LANGUAGE"}
{"level":["info"],"timestamp":"06:10:2023|12:10:99","exception":false,"message":"MongoDB connected"}
{"level":["info"],"timestamp":"06:10:2023|12:10:23","exception":false,"message":"MongoDB connected"}
{"level":["info"],"timestamp":"06:10:2023|12:10:68","exception":false,"message":"MongoDB connected"}
{"level":["info"],"timestamp":"06:10:2023|12:10:89","exception":false,"message":"MongoDB connected"}
{"level":["info"],"timestamp":"06:10:2023|12:10:73","exception":false,"message":"MongoDB connected"}
{"level":["info"],"timestamp":"06:10:2023|12:10:83","exception":false,"message":"MongoDB connected"}
{"level":["info"],"timestamp":"06:10:2023|12:10:27","exception":false,"message":"MongoDB connected"}
{"level":["error"],"timestamp":"06:10:2023|12:10:48","exception":false,"message":"keySchema is not defined"}
{"level":["error"],"timestamp":"06:10:2023|12:10:48","exception":false,"message":"ADD_LANGUAGE"}
{"level":["info"],"timestamp":"06:10:2023|12:10:61","exception":false,"message":"MongoDB connected"}
{"level":["error"],"timestamp":"06:10:2023|12:10:64","exception":true,"message":"uncaughtException: keySchema is not defined"}
{"level":["error"],"timestamp":"06:10:2023|12:10:65","exception":true,"message":"uncaughtException: keySchema is not defined"}
{"level":["error"],"timestamp":"06:10:2023|12:10:65","exception":true,"message":"uncaughtException: keySchema is not defined"}
{"level":["info"],"timestamp":"06:10:2023|14:10:45","exception":false,"message":"MongoDB connected"}
{"level":["info"],"timestamp":"06:10:2023|14:10:41","exception":false,"message":"MongoDB connected"}
{"level":["info"],"timestamp":"06:10:2023|14:10:40","exception":false,"message":"MongoDB connected"}
{"level":["info"],"timestamp":"06:10:2023|14:10:35","exception":false,"message":"MongoDB connected"}
{"level":["info"],"timestamp":"06:10:2023|14:10:59","exception":false,"message":"MongoDB connected"}
{"level":["info"],"timestamp":"06:10:2023|14:10:13","exception":false,"message":"MongoDB connected"}
{"level":["info"],"timestamp":"06:10:2023|14:10:68","exception":false,"message":"MongoDB connected"}
{"level":["info"],"timestamp":"06:10:2023|14:10:39","exception":false,"message":"MongoDB connected"}
{"level":["info"],"timestamp":"06:10:2023|14:10:53","exception":false,"message":"MongoDB connected"}
{"level":["info"],"timestamp":"06:10:2023|14:10:63","exception":false,"message":"MongoDB connected"}
{"level":["info"],"timestamp":"06:10:2023|14:10:61","exception":false,"message":"MongoDB connected"}
{"level":["info"],"timestamp":"06:10:2023|14:10:33","exception":false,"message":"MongoDB connected"}
{"level":["info"],"timestamp":"06:10:2023|14:10:91","exception":false,"message":"MongoDB connected"}
{"level":["info"],"timestamp":"06:10:2023|14:10:23","exception":false,"message":"MongoDB connected"}
{"level":["info"],"timestamp":"06:10:2023|14:10:26","exception":false,"message":"MongoDB connected"}
{"level":["info"],"timestamp":"06:10:2023|14:10:31","exception":false,"message":"MongoDB connected"}
{"level":["info"],"timestamp":"06:10:2023|14:10:78","exception":false,"message":"MongoDB connected"}
{"level":["info"],"timestamp":"06:10:2023|14:10:81","exception":false,"message":"MongoDB connected"}
{"level":["info"],"timestamp":"06:10:2023|14:10:89","exception":false,"message":"MongoDB connected"}
{"level":["warn"],"timestamp":"06:10:2023|14:10:45","exception":false,"message":"MongoDB Disconnecting"}
{"level":["info"],"timestamp":"06:10:2023|14:10:95","exception":false,"message":"MongoDB connected"}
{"level":["info"],"timestamp":"06:10:2023|14:10:88","exception":false,"message":"MongoDB connected"}
{"level":["info"],"timestamp":"06:10:2023|14:10:07","exception":false,"message":"MongoDB connected"}
{"level":["info"],"timestamp":"06:10:2023|14:10:83","exception":false,"message":"MongoDB connected"}
{"level":["info"],"timestamp":"06:10:2023|14:10:18","exception":false,"message":"MongoDB connected"}
{"level":["info"],"timestamp":"06:10:2023|14:10:42","exception":false,"message":"MongoDB connected"}
{"level":["info"],"timestamp":"06:10:2023|14:10:09","exception":false,"message":"MongoDB connected"}
{"level":["info"],"timestamp":"06:10:2023|14:10:72","exception":false,"message":"MongoDB connected"}
{"level":["info"],"timestamp":"06:10:2023|14:10:52","exception":false,"message":"MongoDB connected"}
{"level":["info"],"timestamp":"06:10:2023|14:10:13","exception":false,"message":"MongoDB connected"}
{"level":["info"],"timestamp":"06:10:2023|14:10:10","exception":false,"message":"MongoDB connected"}
{"level":["info"],"timestamp":"06:10:2023|14:10:01","exception":false,"message":"MongoDB connected"}
{"level":["error"],"timestamp":"06:10:2023|14:10:15","exception":true,"message":"uncaughtException: Router.use() requires a middleware function"}
{"level":["info"],"timestamp":"06:10:2023|14:10:17","exception":false,"message":"MongoDB connected"}
{"level":["error"],"timestamp":"06:10:2023|14:10:55","exception":true,"message":"uncaughtException: Router.use() requires a middleware function"}
{"level":["info"],"timestamp":"06:10:2023|14:10:57","exception":false,"message":"MongoDB connected"}
{"level":["error"],"timestamp":"06:10:2023|14:10:64","exception":true,"message":"uncaughtException: Router.use() requires a middleware function"}
{"level":["info"],"timestamp":"06:10:2023|14:10:66","exception":false,"message":"MongoDB connected"}
{"level":["error"],"timestamp":"06:10:2023|14:10:85","exception":true,"message":"uncaughtException: Router.use() requires a middleware function"}
{"level":["info"],"timestamp":"06:10:2023|14:10:87","exception":false,"message":"MongoDB connected"}
{"level":["info"],"timestamp":"06:10:2023|14:10:01","exception":false,"message":"MongoDB connected"}
{"level":["error"],"timestamp":"06:10:2023|14:10:36","exception":false,"message":"Cast to ObjectId failed for value \"hyyy\" (type string) at path \"_id\" for model \"website\""}
{"level":["error"],"timestamp":"06:10:2023|14:10:36","exception":false,"message":"LOGIN"}
{"level":["info"],"timestamp":"06:10:2023|14:10:03","exception":false,"message":"MongoDB connected"}
{"level":["info"],"timestamp":"06:10:2023|14:10:54","exception":false,"message":"MongoDB connected"}
{"level":["info"],"timestamp":"06:10:2023|15:10:12","exception":false,"message":"MongoDB connected"}
{"level":["info"],"timestamp":"06:10:2023|15:10:88","exception":false,"message":"MongoDB connected"}
{"level":["error"],"timestamp":"06:10:2023|15:10:10","exception":false,"message":"Cast to ObjectId failed for value \"hyyy\" (type string) at path \"_id\" for model \"website\""}
{"level":["error"],"timestamp":"06:10:2023|15:10:10","exception":false,"message":"LOGIN"}
{"level":["error"],"timestamp":"06:10:2023|15:10:73","exception":false,"message":"Cast to ObjectId failed for value \"hyyy\" (type string) at path \"_id\" for model \"website\""}
{"level":["error"],"timestamp":"06:10:2023|15:10:73","exception":false,"message":"LOGIN"}
{"level":["info"],"timestamp":"06:10:2023|15:10:63","exception":false,"message":"MongoDB connected"}
{"level":["error"],"timestamp":"06:10:2023|15:10:93","exception":false,"message":"Cast to ObjectId failed for value \"hyyy\" (type string) at path \"_id\" for model \"website\""}
{"level":["error"],"timestamp":"06:10:2023|15:10:93","exception":false,"message":"LOGIN"}
{"level":["info"],"timestamp":"06:10:2023|15:10:27","exception":false,"message":"MongoDB connected"}
{"level":["info"],"timestamp":"06:10:2023|15:10:97","exception":false,"message":"MongoDB connected"}
{"level":["info"],"timestamp":"06:10:2023|15:10:28","exception":false,"message":"MongoDB connected"}
{"level":["info"],"timestamp":"06:10:2023|15:10:29","exception":false,"message":"MongoDB connected"}
{"level":["info"],"timestamp":"06:10:2023|15:10:39","exception":false,"message":"MongoDB connected"}
{"level":["info"],"timestamp":"06:10:2023|15:10:62","exception":false,"message":"MongoDB connected"}
{"level":["info"],"timestamp":"06:10:2023|15:10:85","exception":false,"message":"MongoDB connected"}
{"level":["info"],"timestamp":"06:10:2023|15:10:76","exception":false,"message":"MongoDB connected"}
{"level":["info"],"timestamp":"06:10:2023|17:10:78","exception":false,"message":"MongoDB connected"}
{"level":["warn"],"timestamp":"06:10:2023|17:10:96","exception":false,"message":"MongoDB Disconnected"}
{"level":["warn"],"timestamp":"06:10:2023|17:10:10","exception":false,"message":"MongoDB Connection Closed Successfully!"}
